mode: atomic
github.com/smartcontractkit/chainlink/core/assets/currencies.go:18.45,21.2 2 12
github.com/smartcontractkit/chainlink/core/assets/currencies.go:23.47,26.2 2 12
github.com/smartcontractkit/chainlink/core/assets/currencies.go:32.38,34.2 1 3
github.com/smartcontractkit/chainlink/core/assets/currencies.go:37.32,38.14 1 5
github.com/smartcontractkit/chainlink/core/assets/currencies.go:41.2,41.41 1 4
github.com/smartcontractkit/chainlink/core/assets/currencies.go:38.14,40.3 1 1
github.com/smartcontractkit/chainlink/core/assets/currencies.go:45.30,46.14 1 7
github.com/smartcontractkit/chainlink/core/assets/currencies.go:49.2,49.34 1 6
github.com/smartcontractkit/chainlink/core/assets/currencies.go:46.14,48.3 1 1
github.com/smartcontractkit/chainlink/core/assets/currencies.go:53.40,55.2 1 2
github.com/smartcontractkit/chainlink/core/assets/currencies.go:58.33,60.2 1 0
github.com/smartcontractkit/chainlink/core/assets/currencies.go:63.37,65.2 1 0
github.com/smartcontractkit/chainlink/core/assets/currencies.go:68.35,74.2 4 0
github.com/smartcontractkit/chainlink/core/assets/currencies.go:77.60,80.2 2 7
github.com/smartcontractkit/chainlink/core/assets/currencies.go:83.33,85.2 1 0
github.com/smartcontractkit/chainlink/core/assets/currencies.go:88.38,94.2 4 0
github.com/smartcontractkit/chainlink/core/assets/currencies.go:97.38,99.2 1 0
github.com/smartcontractkit/chainlink/core/assets/currencies.go:102.46,104.2 1 1
github.com/smartcontractkit/chainlink/core/assets/currencies.go:107.45,109.16 2 1
github.com/smartcontractkit/chainlink/core/assets/currencies.go:112.2,112.48 1 1
github.com/smartcontractkit/chainlink/core/assets/currencies.go:109.16,111.3 1 0
github.com/smartcontractkit/chainlink/core/assets/currencies.go:116.49,117.26 1 3
github.com/smartcontractkit/chainlink/core/assets/currencies.go:120.2,120.31 1 1
github.com/smartcontractkit/chainlink/core/assets/currencies.go:117.26,119.3 1 2
github.com/smartcontractkit/chainlink/core/assets/currencies.go:124.49,125.49 1 2
github.com/smartcontractkit/chainlink/core/assets/currencies.go:128.2,128.12 1 1
github.com/smartcontractkit/chainlink/core/assets/currencies.go:125.49,127.3 1 1
github.com/smartcontractkit/chainlink/core/assets/currencies.go:132.30,135.2 2 0
github.com/smartcontractkit/chainlink/core/assets/currencies.go:138.30,140.2 1 0
github.com/smartcontractkit/chainlink/core/assets/currencies.go:143.45,146.2 2 0
github.com/smartcontractkit/chainlink/core/assets/currencies.go:149.46,150.27 1 0
github.com/smartcontractkit/chainlink/core/assets/currencies.go:170.2,170.12 1 0
github.com/smartcontractkit/chainlink/core/assets/currencies.go:151.14,153.10 2 0
github.com/smartcontractkit/chainlink/core/assets/currencies.go:156.3,156.16 1 0
github.com/smartcontractkit/chainlink/core/assets/currencies.go:157.15,160.10 2 0
github.com/smartcontractkit/chainlink/core/assets/currencies.go:163.3,163.16 1 0
github.com/smartcontractkit/chainlink/core/assets/currencies.go:164.13,165.105 1 0
github.com/smartcontractkit/chainlink/core/assets/currencies.go:166.10,167.72 1 0
github.com/smartcontractkit/chainlink/core/assets/currencies.go:153.10,155.4 1 0
github.com/smartcontractkit/chainlink/core/assets/currencies.go:160.10,162.4 1 0
github.com/smartcontractkit/chainlink/core/assets/currencies.go:177.27,179.2 1 4
github.com/smartcontractkit/chainlink/core/assets/currencies.go:182.31,185.2 2 0
github.com/smartcontractkit/chainlink/core/assets/currencies.go:189.42,191.16 2 0
github.com/smartcontractkit/chainlink/core/assets/currencies.go:194.2,195.33 2 0
github.com/smartcontractkit/chainlink/core/assets/currencies.go:191.16,193.3 1 0
github.com/smartcontractkit/chainlink/core/assets/currencies.go:199.31,201.2 1 0
github.com/smartcontractkit/chainlink/core/assets/currencies.go:203.31,205.2 1 6
github.com/smartcontractkit/chainlink/core/assets/currencies.go:208.38,210.2 1 1
github.com/smartcontractkit/chainlink/core/assets/currencies.go:213.58,216.2 2 5
github.com/smartcontractkit/chainlink/core/assets/currencies.go:219.44,221.16 2 1
github.com/smartcontractkit/chainlink/core/assets/currencies.go:224.2,224.48 1 1
github.com/smartcontractkit/chainlink/core/assets/currencies.go:221.16,223.3 1 0
github.com/smartcontractkit/chainlink/core/assets/currencies.go:228.45,230.2 1 1
github.com/smartcontractkit/chainlink/core/assets/currencies.go:233.48,234.26 1 3
github.com/smartcontractkit/chainlink/core/assets/currencies.go:237.2,237.31 1 1
github.com/smartcontractkit/chainlink/core/assets/currencies.go:234.26,236.3 1 2
github.com/smartcontractkit/chainlink/core/assets/currencies.go:241.48,242.49 1 2
github.com/smartcontractkit/chainlink/core/assets/currencies.go:245.2,245.12 1 1
github.com/smartcontractkit/chainlink/core/assets/currencies.go:242.49,244.3 1 1
github.com/smartcontractkit/chainlink/core/assets/currencies.go:249.29,252.2 2 2
github.com/smartcontractkit/chainlink/core/assets/currencies.go:255.29,257.2 1 0
github.com/smartcontractkit/chainlink/core/assets/currencies.go:260.32,262.2 1 15
github.com/smartcontractkit/chainlink/core/assets/currencies.go:265.45,267.2 1 0
github.com/smartcontractkit/chainlink/core/assets/currencies.go:270.44,272.2 1 0
github.com/smartcontractkit/chainlink/core/assets/units.go:9.28,11.2 1 0
github.com/smartcontractkit/chainlink/core/assets/units.go:13.29,15.2 1 0
github.com/smartcontractkit/chainlink/core/assets/units.go:18.31,20.2 1 0
github.com/smartcontractkit/chainlink/core/assets/units.go:22.30,24.2 1 0
github.com/smartcontractkit/chainlink/core/cbor/cbor.go:18.51,23.46 3 9
github.com/smartcontractkit/chainlink/core/cbor/cbor.go:27.2,28.16 2 8
github.com/smartcontractkit/chainlink/core/cbor/cbor.go:32.2,33.16 2 8
github.com/smartcontractkit/chainlink/core/cbor/cbor.go:37.2,38.37 2 8
github.com/smartcontractkit/chainlink/core/cbor/cbor.go:23.46,25.3 1 1
github.com/smartcontractkit/chainlink/core/cbor/cbor.go:28.16,30.3 1 0
github.com/smartcontractkit/chainlink/core/cbor/cbor.go:33.16,35.3 1 0
github.com/smartcontractkit/chainlink/core/cbor/cbor.go:45.61,46.17 1 0
github.com/smartcontractkit/chainlink/core/cbor/cbor.go:49.2,49.45 1 0
github.com/smartcontractkit/chainlink/core/cbor/cbor.go:52.2,52.8 1 0
github.com/smartcontractkit/chainlink/core/cbor/cbor.go:46.17,48.3 1 0
github.com/smartcontractkit/chainlink/core/cbor/cbor.go:49.45,51.3 1 0
github.com/smartcontractkit/chainlink/core/cbor/cbor.go:56.44,57.51 1 17
github.com/smartcontractkit/chainlink/core/cbor/cbor.go:65.2,65.10 1 11
github.com/smartcontractkit/chainlink/core/cbor/cbor.go:57.51,63.3 5 6
github.com/smartcontractkit/chainlink/core/cbor/cbor.go:73.73,74.28 1 81
github.com/smartcontractkit/chainlink/core/cbor/cbor.go:75.30,76.27 1 1
github.com/smartcontractkit/chainlink/core/cbor/cbor.go:83.3,83.20 1 1
github.com/smartcontractkit/chainlink/core/cbor/cbor.go:84.35,86.27 2 27
github.com/smartcontractkit/chainlink/core/cbor/cbor.go:97.3,97.16 1 25
github.com/smartcontractkit/chainlink/core/cbor/cbor.go:98.21,100.27 2 14
github.com/smartcontractkit/chainlink/core/cbor/cbor.go:107.3,107.16 1 13
github.com/smartcontractkit/chainlink/core/cbor/cbor.go:108.15,110.21 2 8
github.com/smartcontractkit/chainlink/core/cbor/cbor.go:111.10,112.17 1 31
github.com/smartcontractkit/chainlink/core/cbor/cbor.go:76.27,78.18 2 1
github.com/smartcontractkit/chainlink/core/cbor/cbor.go:81.4,81.22 1 1
github.com/smartcontractkit/chainlink/core/cbor/cbor.go:78.18,80.5 1 0
github.com/smartcontractkit/chainlink/core/cbor/cbor.go:86.27,88.11 2 29
github.com/smartcontractkit/chainlink/core/cbor/cbor.go:91.4,92.18 2 27
github.com/smartcontractkit/chainlink/core/cbor/cbor.go:95.4,95.27 1 27
github.com/smartcontractkit/chainlink/core/cbor/cbor.go:88.11,90.5 1 2
github.com/smartcontractkit/chainlink/core/cbor/cbor.go:92.18,94.5 1 0
github.com/smartcontractkit/chainlink/core/cbor/cbor.go:100.27,102.18 2 30
github.com/smartcontractkit/chainlink/core/cbor/cbor.go:105.4,105.18 1 29
github.com/smartcontractkit/chainlink/core/cbor/cbor.go:102.18,104.5 1 1
github.com/smartcontractkit/chainlink/core/config/presenters.go:123.56,125.30 2 1
github.com/smartcontractkit/chainlink/core/config/presenters.go:128.2,130.34 3 1
github.com/smartcontractkit/chainlink/core/config/presenters.go:133.2,134.38 2 1
github.com/smartcontractkit/chainlink/core/config/presenters.go:137.2,218.3 3 1
github.com/smartcontractkit/chainlink/core/config/presenters.go:125.30,127.3 1 0
github.com/smartcontractkit/chainlink/core/config/presenters.go:130.34,132.3 1 0
github.com/smartcontractkit/chainlink/core/config/presenters.go:134.38,136.3 1 0
github.com/smartcontractkit/chainlink/core/config/presenters.go:222.40,229.51 5 0
github.com/smartcontractkit/chainlink/core/config/presenters.go:254.2,254.24 1 0
github.com/smartcontractkit/chainlink/core/config/presenters.go:229.51,232.10 3 0
github.com/smartcontractkit/chainlink/core/config/presenters.go:235.3,236.10 2 0
github.com/smartcontractkit/chainlink/core/config/presenters.go:240.3,244.59 4 0
github.com/smartcontractkit/chainlink/core/config/presenters.go:251.3,251.27 1 0
github.com/smartcontractkit/chainlink/core/config/presenters.go:232.10,233.71 1 0
github.com/smartcontractkit/chainlink/core/config/presenters.go:236.10,237.12 1 0
github.com/smartcontractkit/chainlink/core/config/presenters.go:244.59,245.70 1 0
github.com/smartcontractkit/chainlink/core/config/presenters.go:245.70,247.5 1 0
github.com/smartcontractkit/chainlink/core/config/presenters.go:248.9,250.4 1 0
github.com/smartcontractkit/chainlink/core/config/presenters.go:258.39,260.2 1 0
github.com/smartcontractkit/chainlink/core/config/presenters.go:264.51,266.2 1 0
github.com/smartcontractkit/chainlink/core/config/presenters.go:268.48,269.25 1 1
github.com/smartcontractkit/chainlink/core/config/presenters.go:272.2,272.8 1 1
github.com/smartcontractkit/chainlink/core/config/presenters.go:269.25,271.3 1 0
github.com/smartcontractkit/chainlink/core/config/presenters.go:277.40,279.2 1 0
github.com/smartcontractkit/chainlink/core/config/secret_generator.go:20.80,22.35 2 2
github.com/smartcontractkit/chainlink/core/config/secret_generator.go:29.2,32.17 4 0
github.com/smartcontractkit/chainlink/core/config/secret_generator.go:22.35,24.17 2 2
github.com/smartcontractkit/chainlink/core/config/secret_generator.go:27.3,27.55 1 2
github.com/smartcontractkit/chainlink/core/config/secret_generator.go:24.17,26.4 1 0
github.com/smartcontractkit/chainlink/core/config/general_config.go:249.57,255.2 5 6
github.com/smartcontractkit/chainlink/core/config/general_config.go:257.92,259.54 2 7
github.com/smartcontractkit/chainlink/core/config/general_config.go:269.2,274.88 2 7
github.com/smartcontractkit/chainlink/core/config/general_config.go:278.2,281.66 4 7
github.com/smartcontractkit/chainlink/core/config/general_config.go:285.2,286.19 2 7
github.com/smartcontractkit/chainlink/core/config/general_config.go:289.2,294.8 4 7
github.com/smartcontractkit/chainlink/core/config/general_config.go:259.54,263.13 4 1302
github.com/smartcontractkit/chainlink/core/config/general_config.go:266.3,266.28 1 1302
github.com/smartcontractkit/chainlink/core/config/general_config.go:263.13,265.4 1 749
github.com/smartcontractkit/chainlink/core/config/general_config.go:274.88,276.3 1 0
github.com/smartcontractkit/chainlink/core/config/general_config.go:281.66,283.3 1 0
github.com/smartcontractkit/chainlink/core/config/general_config.go:286.19,288.3 1 0
github.com/smartcontractkit/chainlink/core/config/general_config.go:299.42,300.58 1 0
github.com/smartcontractkit/chainlink/core/config/general_config.go:304.2,304.67 1 0
github.com/smartcontractkit/chainlink/core/config/general_config.go:308.2,308.55 1 0
github.com/smartcontractkit/chainlink/core/config/general_config.go:317.2,317.55 1 0
github.com/smartcontractkit/chainlink/core/config/general_config.go:326.2,326.67 1 0
github.com/smartcontractkit/chainlink/core/config/general_config.go:329.2,329.74 1 0
github.com/smartcontractkit/chainlink/core/config/general_config.go:332.2,332.53 1 0
github.com/smartcontractkit/chainlink/core/config/general_config.go:339.2,339.47 1 0
github.com/smartcontractkit/chainlink/core/config/general_config.go:344.2,344.76 1 0
github.com/smartcontractkit/chainlink/core/config/general_config.go:348.2,348.27 1 0
github.com/smartcontractkit/chainlink/core/config/general_config.go:357.2,357.35 1 0
github.com/smartcontractkit/chainlink/core/config/general_config.go:360.2,360.40 1 0
github.com/smartcontractkit/chainlink/core/config/general_config.go:363.2,363.43 1 0
github.com/smartcontractkit/chainlink/core/config/general_config.go:366.2,366.43 1 0
github.com/smartcontractkit/chainlink/core/config/general_config.go:369.2,369.34 1 0
github.com/smartcontractkit/chainlink/core/config/general_config.go:373.2,373.33 1 0
github.com/smartcontractkit/chainlink/core/config/general_config.go:379.2,379.60 1 0
github.com/smartcontractkit/chainlink/core/config/general_config.go:383.2,383.74 1 0
github.com/smartcontractkit/chainlink/core/config/general_config.go:387.2,387.12 1 0
github.com/smartcontractkit/chainlink/core/config/general_config.go:300.58,302.3 1 0
github.com/smartcontractkit/chainlink/core/config/general_config.go:304.67,306.3 1 0
github.com/smartcontractkit/chainlink/core/config/general_config.go:308.55,316.3 1 0
github.com/smartcontractkit/chainlink/core/config/general_config.go:317.55,324.3 1 0
github.com/smartcontractkit/chainlink/core/config/general_config.go:326.67,328.3 1 0
github.com/smartcontractkit/chainlink/core/config/general_config.go:329.74,331.3 1 0
github.com/smartcontractkit/chainlink/core/config/general_config.go:332.53,333.24 1 0
github.com/smartcontractkit/chainlink/core/config/general_config.go:333.24,334.62 1 0
github.com/smartcontractkit/chainlink/core/config/general_config.go:334.62,336.5 1 0
github.com/smartcontractkit/chainlink/core/config/general_config.go:339.47,340.42 1 0
github.com/smartcontractkit/chainlink/core/config/general_config.go:340.42,342.4 1 0
github.com/smartcontractkit/chainlink/core/config/general_config.go:344.76,346.3 1 0
github.com/smartcontractkit/chainlink/core/config/general_config.go:348.27,349.33 1 0
github.com/smartcontractkit/chainlink/core/config/general_config.go:352.3,352.41 1 0
github.com/smartcontractkit/chainlink/core/config/general_config.go:349.33,351.4 1 0
github.com/smartcontractkit/chainlink/core/config/general_config.go:352.41,354.4 1 0
github.com/smartcontractkit/chainlink/core/config/general_config.go:357.35,359.3 1 0
github.com/smartcontractkit/chainlink/core/config/general_config.go:360.40,362.3 1 0
github.com/smartcontractkit/chainlink/core/config/general_config.go:363.43,365.3 1 0
github.com/smartcontractkit/chainlink/core/config/general_config.go:366.43,368.3 1 0
github.com/smartcontractkit/chainlink/core/config/general_config.go:369.34,371.3 1 0
github.com/smartcontractkit/chainlink/core/config/general_config.go:374.47,374.47 0 0
github.com/smartcontractkit/chainlink/core/config/general_config.go:375.10,376.162 1 0
github.com/smartcontractkit/chainlink/core/config/general_config.go:379.60,381.3 1 0
github.com/smartcontractkit/chainlink/core/config/general_config.go:383.74,385.3 1 0
github.com/smartcontractkit/chainlink/core/config/general_config.go:390.70,392.2 1 0
github.com/smartcontractkit/chainlink/core/config/general_config.go:394.86,396.2 1 0
github.com/smartcontractkit/chainlink/core/config/general_config.go:399.47,401.2 1 1
github.com/smartcontractkit/chainlink/core/config/general_config.go:403.43,404.23 1 0
github.com/smartcontractkit/chainlink/core/config/general_config.go:407.2,407.16 1 0
github.com/smartcontractkit/chainlink/core/config/general_config.go:404.23,406.3 1 0
github.com/smartcontractkit/chainlink/core/config/general_config.go:411.55,415.26 4 0
github.com/smartcontractkit/chainlink/core/config/general_config.go:418.2,418.13 1 0
github.com/smartcontractkit/chainlink/core/config/general_config.go:415.26,417.3 1 0
github.com/smartcontractkit/chainlink/core/config/general_config.go:423.56,425.2 1 0
github.com/smartcontractkit/chainlink/core/config/general_config.go:428.72,430.2 1 0
github.com/smartcontractkit/chainlink/core/config/general_config.go:432.49,434.2 1 0
github.com/smartcontractkit/chainlink/core/config/general_config.go:436.55,438.16 2 0
github.com/smartcontractkit/chainlink/core/config/general_config.go:441.2,441.13 1 0
github.com/smartcontractkit/chainlink/core/config/general_config.go:438.16,440.3 1 0
github.com/smartcontractkit/chainlink/core/config/general_config.go:444.65,446.2 1 0
github.com/smartcontractkit/chainlink/core/config/general_config.go:448.67,450.2 1 0
github.com/smartcontractkit/chainlink/core/config/general_config.go:452.72,454.2 1 0
github.com/smartcontractkit/chainlink/core/config/general_config.go:456.66,458.2 1 0
github.com/smartcontractkit/chainlink/core/config/general_config.go:460.55,462.2 1 0
github.com/smartcontractkit/chainlink/core/config/general_config.go:464.55,466.2 1 0
github.com/smartcontractkit/chainlink/core/config/general_config.go:468.57,470.2 1 0
github.com/smartcontractkit/chainlink/core/config/general_config.go:472.61,474.2 1 0
github.com/smartcontractkit/chainlink/core/config/general_config.go:476.64,478.2 1 0
github.com/smartcontractkit/chainlink/core/config/general_config.go:480.59,482.2 1 0
github.com/smartcontractkit/chainlink/core/config/general_config.go:486.53,488.2 1 2
github.com/smartcontractkit/chainlink/core/config/general_config.go:491.50,493.2 1 0
github.com/smartcontractkit/chainlink/core/config/general_config.go:496.54,498.2 1 2
github.com/smartcontractkit/chainlink/core/config/general_config.go:501.48,503.2 1 1
github.com/smartcontractkit/chainlink/core/config/general_config.go:506.49,508.2 1 0
github.com/smartcontractkit/chainlink/core/config/general_config.go:510.78,512.2 1 0
github.com/smartcontractkit/chainlink/core/config/general_config.go:514.78,516.2 1 0
github.com/smartcontractkit/chainlink/core/config/general_config.go:519.65,521.2 1 1
github.com/smartcontractkit/chainlink/core/config/general_config.go:525.65,527.2 1 1
github.com/smartcontractkit/chainlink/core/config/general_config.go:530.54,532.13 2 0
github.com/smartcontractkit/chainlink/core/config/general_config.go:535.2,536.16 2 0
github.com/smartcontractkit/chainlink/core/config/general_config.go:540.2,540.12 1 0
github.com/smartcontractkit/chainlink/core/config/general_config.go:532.13,534.3 1 0
github.com/smartcontractkit/chainlink/core/config/general_config.go:536.16,539.3 2 0
github.com/smartcontractkit/chainlink/core/config/general_config.go:545.63,547.2 1 1
github.com/smartcontractkit/chainlink/core/config/general_config.go:550.52,552.2 1 0
github.com/smartcontractkit/chainlink/core/config/general_config.go:556.47,559.16 3 0
github.com/smartcontractkit/chainlink/core/config/general_config.go:563.2,563.24 1 0
github.com/smartcontractkit/chainlink/core/config/general_config.go:566.2,567.13 2 0
github.com/smartcontractkit/chainlink/core/config/general_config.go:559.16,562.3 2 0
github.com/smartcontractkit/chainlink/core/config/general_config.go:563.24,565.3 1 0
github.com/smartcontractkit/chainlink/core/config/general_config.go:572.48,574.2 1 0
github.com/smartcontractkit/chainlink/core/config/general_config.go:577.50,579.2 1 1
github.com/smartcontractkit/chainlink/core/config/general_config.go:582.62,584.2 1 1
github.com/smartcontractkit/chainlink/core/config/general_config.go:588.74,590.2 1 0
github.com/smartcontractkit/chainlink/core/config/general_config.go:593.36,595.2 1 2
github.com/smartcontractkit/chainlink/core/config/general_config.go:599.61,601.2 1 1
github.com/smartcontractkit/chainlink/core/config/general_config.go:604.58,606.2 1 2
github.com/smartcontractkit/chainlink/core/config/general_config.go:609.52,611.2 1 0
github.com/smartcontractkit/chainlink/core/config/general_config.go:614.57,616.2 1 1
github.com/smartcontractkit/chainlink/core/config/general_config.go:619.58,621.2 1 0
github.com/smartcontractkit/chainlink/core/config/general_config.go:625.65,627.2 1 1
github.com/smartcontractkit/chainlink/core/config/general_config.go:631.55,633.2 1 0
github.com/smartcontractkit/chainlink/core/config/general_config.go:636.46,638.2 1 1
github.com/smartcontractkit/chainlink/core/config/general_config.go:641.58,643.18 2 1
github.com/smartcontractkit/chainlink/core/config/general_config.go:646.2,648.68 3 0
github.com/smartcontractkit/chainlink/core/config/general_config.go:651.2,651.8 1 0
github.com/smartcontractkit/chainlink/core/config/general_config.go:643.18,645.3 1 1
github.com/smartcontractkit/chainlink/core/config/general_config.go:648.68,650.3 1 0
github.com/smartcontractkit/chainlink/core/config/general_config.go:657.59,662.21 4 1
github.com/smartcontractkit/chainlink/core/config/general_config.go:668.2,670.39 3 1
github.com/smartcontractkit/chainlink/core/config/general_config.go:681.2,681.13 1 1
github.com/smartcontractkit/chainlink/core/config/general_config.go:662.21,664.3 1 0
github.com/smartcontractkit/chainlink/core/config/general_config.go:664.8,664.28 1 1
github.com/smartcontractkit/chainlink/core/config/general_config.go:664.28,666.3 1 0
github.com/smartcontractkit/chainlink/core/config/general_config.go:670.39,671.22 1 1
github.com/smartcontractkit/chainlink/core/config/general_config.go:674.3,675.17 2 0
github.com/smartcontractkit/chainlink/core/config/general_config.go:678.3,678.28 1 0
github.com/smartcontractkit/chainlink/core/config/general_config.go:671.22,672.12 1 1
github.com/smartcontractkit/chainlink/core/config/general_config.go:675.17,677.4 1 0
github.com/smartcontractkit/chainlink/core/config/general_config.go:685.46,686.65 1 2
github.com/smartcontractkit/chainlink/core/config/general_config.go:693.2,694.19 2 2
github.com/smartcontractkit/chainlink/core/config/general_config.go:686.65,688.17 2 0
github.com/smartcontractkit/chainlink/core/config/general_config.go:691.3,691.69 1 0
github.com/smartcontractkit/chainlink/core/config/general_config.go:688.17,690.4 1 0
github.com/smartcontractkit/chainlink/core/config/general_config.go:698.43,699.65 1 1
github.com/smartcontractkit/chainlink/core/config/general_config.go:706.2,706.51 1 1
github.com/smartcontractkit/chainlink/core/config/general_config.go:699.65,701.17 2 0
github.com/smartcontractkit/chainlink/core/config/general_config.go:704.3,704.69 1 0
github.com/smartcontractkit/chainlink/core/config/general_config.go:701.17,703.4 1 0
github.com/smartcontractkit/chainlink/core/config/general_config.go:710.46,712.2 1 1
github.com/smartcontractkit/chainlink/core/config/general_config.go:715.45,717.2 1 1
github.com/smartcontractkit/chainlink/core/config/general_config.go:720.43,723.2 1 0
github.com/smartcontractkit/chainlink/core/config/general_config.go:727.51,729.2 1 1
github.com/smartcontractkit/chainlink/core/config/general_config.go:736.51,738.2 1 0
github.com/smartcontractkit/chainlink/core/config/general_config.go:740.71,742.2 1 1
github.com/smartcontractkit/chainlink/core/config/general_config.go:745.67,747.2 1 0
github.com/smartcontractkit/chainlink/core/config/general_config.go:749.67,751.2 1 0
github.com/smartcontractkit/chainlink/core/config/general_config.go:753.67,755.2 1 1
github.com/smartcontractkit/chainlink/core/config/general_config.go:757.68,759.2 1 1
github.com/smartcontractkit/chainlink/core/config/general_config.go:763.65,765.2 1 0
github.com/smartcontractkit/chainlink/core/config/general_config.go:769.67,771.2 1 0
github.com/smartcontractkit/chainlink/core/config/general_config.go:775.69,777.2 1 1
github.com/smartcontractkit/chainlink/core/config/general_config.go:781.62,783.2 1 1
github.com/smartcontractkit/chainlink/core/config/general_config.go:787.63,789.2 1 1
github.com/smartcontractkit/chainlink/core/config/general_config.go:793.68,795.2 1 0
github.com/smartcontractkit/chainlink/core/config/general_config.go:799.58,801.2 1 0
github.com/smartcontractkit/chainlink/core/config/general_config.go:804.68,806.2 1 0
github.com/smartcontractkit/chainlink/core/config/general_config.go:809.72,811.2 1 0
github.com/smartcontractkit/chainlink/core/config/general_config.go:815.44,817.2 1 1
github.com/smartcontractkit/chainlink/core/config/general_config.go:820.48,822.26 2 1
github.com/smartcontractkit/chainlink/core/config/general_config.go:823.11,824.13 1 1
github.com/smartcontractkit/chainlink/core/config/general_config.go:825.16,826.11 1 0
github.com/smartcontractkit/chainlink/core/config/general_config.go:827.10,828.73 1 0
github.com/smartcontractkit/chainlink/core/config/general_config.go:833.52,835.2 1 0
github.com/smartcontractkit/chainlink/core/config/general_config.go:838.49,840.2 1 0
github.com/smartcontractkit/chainlink/core/config/general_config.go:843.56,845.26 2 1
github.com/smartcontractkit/chainlink/core/config/general_config.go:846.11,847.13 1 1
github.com/smartcontractkit/chainlink/core/config/general_config.go:848.16,849.11 1 0
github.com/smartcontractkit/chainlink/core/config/general_config.go:850.10,851.81 1 0
github.com/smartcontractkit/chainlink/core/config/general_config.go:856.63,858.2 1 1
github.com/smartcontractkit/chainlink/core/config/general_config.go:861.56,863.2 1 1
github.com/smartcontractkit/chainlink/core/config/general_config.go:865.47,867.2 1 0
github.com/smartcontractkit/chainlink/core/config/general_config.go:869.47,871.2 1 0
github.com/smartcontractkit/chainlink/core/config/general_config.go:874.50,878.2 3 1
github.com/smartcontractkit/chainlink/core/config/general_config.go:881.57,883.2 1 0
github.com/smartcontractkit/chainlink/core/config/general_config.go:886.62,891.2 4 0
github.com/smartcontractkit/chainlink/core/config/general_config.go:894.42,896.2 1 1
github.com/smartcontractkit/chainlink/core/config/general_config.go:899.39,903.2 3 1
github.com/smartcontractkit/chainlink/core/config/general_config.go:906.48,910.2 3 0
github.com/smartcontractkit/chainlink/core/config/general_config.go:913.50,915.2 1 0
github.com/smartcontractkit/chainlink/core/config/general_config.go:918.39,920.2 1 1
github.com/smartcontractkit/chainlink/core/config/general_config.go:923.51,925.15 2 2
github.com/smartcontractkit/chainlink/core/config/general_config.go:937.2,937.12 1 2
github.com/smartcontractkit/chainlink/core/config/general_config.go:925.15,927.17 2 0
github.com/smartcontractkit/chainlink/core/config/general_config.go:934.3,934.22 1 0
github.com/smartcontractkit/chainlink/core/config/general_config.go:927.17,933.4 2 0
github.com/smartcontractkit/chainlink/core/config/general_config.go:943.64,945.2 1 0
github.com/smartcontractkit/chainlink/core/config/general_config.go:948.60,950.2 1 1
github.com/smartcontractkit/chainlink/core/config/general_config.go:954.42,956.2 1 19
github.com/smartcontractkit/chainlink/core/config/general_config.go:959.39,961.2 1 0
github.com/smartcontractkit/chainlink/core/config/general_config.go:965.43,967.2 1 0
github.com/smartcontractkit/chainlink/core/config/general_config.go:970.46,972.2 1 1
github.com/smartcontractkit/chainlink/core/config/general_config.go:975.58,977.2 1 2
github.com/smartcontractkit/chainlink/core/config/general_config.go:981.46,983.2 1 0
github.com/smartcontractkit/chainlink/core/config/general_config.go:987.42,989.2 1 1
github.com/smartcontractkit/chainlink/core/config/general_config.go:993.45,995.2 1 0
github.com/smartcontractkit/chainlink/core/config/general_config.go:998.42,1000.2 1 2
github.com/smartcontractkit/chainlink/core/config/general_config.go:1003.44,1005.2 1 1
github.com/smartcontractkit/chainlink/core/config/general_config.go:1008.58,1010.2 1 0
github.com/smartcontractkit/chainlink/core/config/general_config.go:1013.74,1015.2 1 0
github.com/smartcontractkit/chainlink/core/config/general_config.go:1017.41,1019.2 1 0
github.com/smartcontractkit/chainlink/core/config/general_config.go:1022.42,1023.26 1 0
github.com/smartcontractkit/chainlink/core/config/general_config.go:1026.2,1026.23 1 0
github.com/smartcontractkit/chainlink/core/config/general_config.go:1023.26,1025.3 1 0
github.com/smartcontractkit/chainlink/core/config/general_config.go:1030.43,1031.27 1 0
github.com/smartcontractkit/chainlink/core/config/general_config.go:1034.2,1034.24 1 0
github.com/smartcontractkit/chainlink/core/config/general_config.go:1031.27,1033.3 1 0
github.com/smartcontractkit/chainlink/core/config/general_config.go:1039.57,1041.2 1 2
github.com/smartcontractkit/chainlink/core/config/general_config.go:1045.59,1051.2 1 0
github.com/smartcontractkit/chainlink/core/config/general_config.go:1054.108,1056.2 1 35
github.com/smartcontractkit/chainlink/core/config/general_config.go:1058.74,1060.16 2 56
github.com/smartcontractkit/chainlink/core/config/general_config.go:1063.2,1063.19 1 56
github.com/smartcontractkit/chainlink/core/config/general_config.go:1066.2,1066.10 1 56
github.com/smartcontractkit/chainlink/core/config/general_config.go:1060.16,1062.3 1 0
github.com/smartcontractkit/chainlink/core/config/general_config.go:1063.19,1065.3 1 0
github.com/smartcontractkit/chainlink/core/config/general_config.go:1077.61,1078.31 1 1
github.com/smartcontractkit/chainlink/core/config/general_config.go:1079.78,1080.36 1 1
github.com/smartcontractkit/chainlink/core/config/general_config.go:1081.10,1082.192 1 0
github.com/smartcontractkit/chainlink/core/config/general_config.go:1086.106,1088.9 2 5
github.com/smartcontractkit/chainlink/core/config/general_config.go:1091.2,1092.16 2 3
github.com/smartcontractkit/chainlink/core/config/general_config.go:1095.2,1097.19 2 0
github.com/smartcontractkit/chainlink/core/config/general_config.go:1088.9,1090.3 1 2
github.com/smartcontractkit/chainlink/core/config/general_config.go:1092.16,1094.3 1 3
github.com/smartcontractkit/chainlink/core/config/general_config.go:1102.68,1104.16 2 0
github.com/smartcontractkit/chainlink/core/config/general_config.go:1107.2,1107.23 1 0
github.com/smartcontractkit/chainlink/core/config/general_config.go:1104.16,1106.3 1 0
github.com/smartcontractkit/chainlink/core/config/general_config.go:1109.89,1111.16 2 0
github.com/smartcontractkit/chainlink/core/config/general_config.go:1114.2,1114.32 1 0
github.com/smartcontractkit/chainlink/core/config/general_config.go:1111.16,1113.3 1 0
github.com/smartcontractkit/chainlink/core/config/general_config.go:1116.79,1118.16 2 0
github.com/smartcontractkit/chainlink/core/config/general_config.go:1121.2,1121.25 1 0
github.com/smartcontractkit/chainlink/core/config/general_config.go:1118.16,1120.3 1 0
github.com/smartcontractkit/chainlink/core/config/general_config.go:1123.80,1125.16 2 0
github.com/smartcontractkit/chainlink/core/config/general_config.go:1128.2,1128.25 1 0
github.com/smartcontractkit/chainlink/core/config/general_config.go:1125.16,1127.3 1 0
github.com/smartcontractkit/chainlink/core/config/general_config.go:1130.86,1132.16 2 0
github.com/smartcontractkit/chainlink/core/config/general_config.go:1135.2,1135.25 1 0
github.com/smartcontractkit/chainlink/core/config/general_config.go:1132.16,1134.3 1 0
github.com/smartcontractkit/chainlink/core/config/general_config.go:1137.91,1139.16 2 0
github.com/smartcontractkit/chainlink/core/config/general_config.go:1142.2,1142.25 1 0
github.com/smartcontractkit/chainlink/core/config/general_config.go:1139.16,1141.3 1 0
github.com/smartcontractkit/chainlink/core/config/general_config.go:1144.75,1146.16 2 0
github.com/smartcontractkit/chainlink/core/config/general_config.go:1149.2,1149.32 1 0
github.com/smartcontractkit/chainlink/core/config/general_config.go:1146.16,1148.3 1 0
github.com/smartcontractkit/chainlink/core/config/general_config.go:1151.76,1153.16 2 0
github.com/smartcontractkit/chainlink/core/config/general_config.go:1156.2,1156.32 1 0
github.com/smartcontractkit/chainlink/core/config/general_config.go:1153.16,1155.3 1 0
github.com/smartcontractkit/chainlink/core/config/general_config.go:1158.81,1160.16 2 0
github.com/smartcontractkit/chainlink/core/config/general_config.go:1163.2,1163.32 1 0
github.com/smartcontractkit/chainlink/core/config/general_config.go:1160.16,1162.3 1 0
github.com/smartcontractkit/chainlink/core/config/general_config.go:1165.68,1167.16 2 0
github.com/smartcontractkit/chainlink/core/config/general_config.go:1170.2,1170.25 1 0
github.com/smartcontractkit/chainlink/core/config/general_config.go:1167.16,1169.3 1 0
github.com/smartcontractkit/chainlink/core/config/general_config.go:1172.65,1174.16 2 0
github.com/smartcontractkit/chainlink/core/config/general_config.go:1177.2,1177.25 1 0
github.com/smartcontractkit/chainlink/core/config/general_config.go:1174.16,1176.3 1 0
github.com/smartcontractkit/chainlink/core/config/general_config.go:1179.66,1181.16 2 0
github.com/smartcontractkit/chainlink/core/config/general_config.go:1184.2,1184.25 1 0
github.com/smartcontractkit/chainlink/core/config/general_config.go:1181.16,1183.3 1 0
github.com/smartcontractkit/chainlink/core/config/general_config.go:1186.68,1188.16 2 0
github.com/smartcontractkit/chainlink/core/config/general_config.go:1191.2,1191.25 1 0
github.com/smartcontractkit/chainlink/core/config/general_config.go:1188.16,1190.3 1 0
github.com/smartcontractkit/chainlink/core/config/general_config.go:1193.66,1195.16 2 0
github.com/smartcontractkit/chainlink/core/config/general_config.go:1198.2,1198.25 1 0
github.com/smartcontractkit/chainlink/core/config/general_config.go:1195.16,1197.3 1 0
github.com/smartcontractkit/chainlink/core/config/general_config.go:1200.64,1202.16 2 0
github.com/smartcontractkit/chainlink/core/config/general_config.go:1205.2,1205.27 1 0
github.com/smartcontractkit/chainlink/core/config/general_config.go:1202.16,1204.3 1 0
github.com/smartcontractkit/chainlink/core/config/general_config.go:1207.70,1209.16 2 0
github.com/smartcontractkit/chainlink/core/config/general_config.go:1212.2,1212.27 1 0
github.com/smartcontractkit/chainlink/core/config/general_config.go:1209.16,1211.3 1 0
github.com/smartcontractkit/chainlink/core/config/general_config.go:1214.95,1216.16 2 0
github.com/smartcontractkit/chainlink/core/config/general_config.go:1219.2,1219.25 1 0
github.com/smartcontractkit/chainlink/core/config/general_config.go:1216.16,1218.3 1 0
github.com/smartcontractkit/chainlink/core/config/general_config.go:1221.67,1223.16 2 0
github.com/smartcontractkit/chainlink/core/config/general_config.go:1226.2,1226.25 1 0
github.com/smartcontractkit/chainlink/core/config/general_config.go:1223.16,1225.3 1 0
github.com/smartcontractkit/chainlink/core/config/general_config.go:1228.71,1230.16 2 0
github.com/smartcontractkit/chainlink/core/config/general_config.go:1233.2,1233.26 1 0
github.com/smartcontractkit/chainlink/core/config/general_config.go:1230.16,1232.3 1 0
github.com/smartcontractkit/chainlink/core/config/general_config.go:1235.68,1237.16 2 0
github.com/smartcontractkit/chainlink/core/config/general_config.go:1240.2,1240.25 1 0
github.com/smartcontractkit/chainlink/core/config/general_config.go:1237.16,1239.3 1 0
github.com/smartcontractkit/chainlink/core/config/general_config.go:1242.69,1244.16 2 0
github.com/smartcontractkit/chainlink/core/config/general_config.go:1247.2,1247.27 1 0
github.com/smartcontractkit/chainlink/core/config/general_config.go:1244.16,1246.3 1 0
github.com/smartcontractkit/chainlink/core/config/general_config.go:1249.75,1251.16 2 0
github.com/smartcontractkit/chainlink/core/config/general_config.go:1254.2,1254.25 1 0
github.com/smartcontractkit/chainlink/core/config/general_config.go:1251.16,1253.3 1 0
github.com/smartcontractkit/chainlink/core/config/general_config.go:1256.76,1258.16 2 0
github.com/smartcontractkit/chainlink/core/config/general_config.go:1261.2,1261.25 1 0
github.com/smartcontractkit/chainlink/core/config/general_config.go:1258.16,1260.3 1 0
github.com/smartcontractkit/chainlink/core/config/general_config.go:1263.86,1265.16 2 0
github.com/smartcontractkit/chainlink/core/config/general_config.go:1268.2,1268.32 1 0
github.com/smartcontractkit/chainlink/core/config/general_config.go:1265.16,1267.3 1 0
github.com/smartcontractkit/chainlink/core/config/general_config.go:1270.72,1272.16 2 0
github.com/smartcontractkit/chainlink/core/config/general_config.go:1275.2,1275.25 1 0
github.com/smartcontractkit/chainlink/core/config/general_config.go:1272.16,1274.3 1 0
github.com/smartcontractkit/chainlink/core/config/general_config.go:1277.68,1279.16 2 0
github.com/smartcontractkit/chainlink/core/config/general_config.go:1282.2,1282.27 1 0
github.com/smartcontractkit/chainlink/core/config/general_config.go:1279.16,1281.3 1 0
github.com/smartcontractkit/chainlink/core/config/general_config.go:1284.75,1286.16 2 0
github.com/smartcontractkit/chainlink/core/config/general_config.go:1289.2,1289.25 1 0
github.com/smartcontractkit/chainlink/core/config/general_config.go:1286.16,1288.3 1 0
github.com/smartcontractkit/chainlink/core/config/general_config.go:1291.73,1293.16 2 0
github.com/smartcontractkit/chainlink/core/config/general_config.go:1296.2,1296.25 1 0
github.com/smartcontractkit/chainlink/core/config/general_config.go:1293.16,1295.3 1 0
github.com/smartcontractkit/chainlink/core/config/general_config.go:1298.68,1300.16 2 0
github.com/smartcontractkit/chainlink/core/config/general_config.go:1303.2,1303.27 1 0
github.com/smartcontractkit/chainlink/core/config/general_config.go:1300.16,1302.3 1 0
github.com/smartcontractkit/chainlink/core/config/general_config.go:1305.63,1307.16 2 0
github.com/smartcontractkit/chainlink/core/config/general_config.go:1310.2,1310.23 1 0
github.com/smartcontractkit/chainlink/core/config/general_config.go:1307.16,1309.3 1 0
github.com/smartcontractkit/chainlink/core/config/general_config.go:1312.71,1314.16 2 0
github.com/smartcontractkit/chainlink/core/config/general_config.go:1317.2,1317.25 1 0
github.com/smartcontractkit/chainlink/core/config/general_config.go:1314.16,1316.3 1 0
github.com/smartcontractkit/chainlink/core/config/general_config.go:1319.69,1321.16 2 0
github.com/smartcontractkit/chainlink/core/config/general_config.go:1324.2,1324.25 1 0
github.com/smartcontractkit/chainlink/core/config/general_config.go:1321.16,1323.3 1 0
github.com/smartcontractkit/chainlink/core/config/general_config.go:1326.65,1328.16 2 0
github.com/smartcontractkit/chainlink/core/config/general_config.go:1331.2,1331.25 1 0
github.com/smartcontractkit/chainlink/core/config/general_config.go:1328.16,1330.3 1 0
github.com/smartcontractkit/chainlink/core/config/general_config.go:1336.58,1338.16 2 0
github.com/smartcontractkit/chainlink/core/config/general_config.go:1341.2,1341.25 1 0
github.com/smartcontractkit/chainlink/core/config/general_config.go:1338.16,1340.3 1 0
github.com/smartcontractkit/chainlink/core/config/general_config.go:1343.68,1345.16 2 0
github.com/smartcontractkit/chainlink/core/config/general_config.go:1348.2,1348.25 1 0
github.com/smartcontractkit/chainlink/core/config/general_config.go:1345.16,1347.3 1 0
github.com/smartcontractkit/chainlink/core/config/general_config.go:1350.73,1352.16 2 0
github.com/smartcontractkit/chainlink/core/config/general_config.go:1355.2,1355.25 1 0
github.com/smartcontractkit/chainlink/core/config/general_config.go:1352.16,1354.3 1 0
github.com/smartcontractkit/chainlink/core/config/general_config.go:1357.81,1359.16 2 0
github.com/smartcontractkit/chainlink/core/config/general_config.go:1362.2,1362.25 1 0
github.com/smartcontractkit/chainlink/core/config/general_config.go:1359.16,1361.3 1 0
github.com/smartcontractkit/chainlink/core/config/general_config.go:1364.77,1366.16 2 0
github.com/smartcontractkit/chainlink/core/config/general_config.go:1369.2,1369.31 1 0
github.com/smartcontractkit/chainlink/core/config/general_config.go:1366.16,1368.3 1 0
github.com/smartcontractkit/chainlink/core/config/general_config.go:1371.68,1373.16 2 0
github.com/smartcontractkit/chainlink/core/config/general_config.go:1376.2,1376.23 1 0
github.com/smartcontractkit/chainlink/core/config/general_config.go:1373.16,1375.3 1 0
github.com/smartcontractkit/chainlink/core/config/general_config.go:1378.70,1380.16 2 0
github.com/smartcontractkit/chainlink/core/config/general_config.go:1383.2,1383.27 1 0
github.com/smartcontractkit/chainlink/core/config/general_config.go:1380.16,1382.3 1 0
github.com/smartcontractkit/chainlink/core/config/general_config.go:1385.70,1387.16 2 0
github.com/smartcontractkit/chainlink/core/config/general_config.go:1390.2,1390.27 1 0
github.com/smartcontractkit/chainlink/core/config/general_config.go:1387.16,1389.3 1 0
github.com/smartcontractkit/chainlink/core/config/general_config.go:1395.54,1397.2 1 1
github.com/smartcontractkit/chainlink/core/config/general_config.go:1401.66,1403.2 1 1
github.com/smartcontractkit/chainlink/core/config/general_config.go:1407.59,1409.2 1 1
github.com/smartcontractkit/chainlink/core/config/general_config.go:1413.48,1415.2 1 1
github.com/smartcontractkit/chainlink/core/config/general_config.go:1420.67,1422.2 1 1
github.com/smartcontractkit/chainlink/core/config/general_config.go:1425.45,1427.13 2 1
github.com/smartcontractkit/chainlink/core/config/general_config.go:1430.2,1430.10 1 0
github.com/smartcontractkit/chainlink/core/config/general_config.go:1427.13,1429.3 1 1
github.com/smartcontractkit/chainlink/core/config/ocr1_config.go:33.65,35.2 1 3
github.com/smartcontractkit/chainlink/core/config/ocr1_config.go:37.73,39.16 2 0
github.com/smartcontractkit/chainlink/core/config/ocr1_config.go:42.2,42.25 1 0
github.com/smartcontractkit/chainlink/core/config/ocr1_config.go:39.16,41.3 1 0
github.com/smartcontractkit/chainlink/core/config/ocr1_config.go:45.81,47.16 2 1
github.com/smartcontractkit/chainlink/core/config/ocr1_config.go:50.2,50.32 1 1
github.com/smartcontractkit/chainlink/core/config/ocr1_config.go:47.16,49.3 1 0
github.com/smartcontractkit/chainlink/core/config/ocr1_config.go:53.93,55.16 2 2
github.com/smartcontractkit/chainlink/core/config/ocr1_config.go:58.2,58.32 1 1
github.com/smartcontractkit/chainlink/core/config/ocr1_config.go:55.16,57.3 1 1
github.com/smartcontractkit/chainlink/core/config/ocr1_config.go:61.74,63.16 2 2
github.com/smartcontractkit/chainlink/core/config/ocr1_config.go:66.2,66.32 1 1
github.com/smartcontractkit/chainlink/core/config/ocr1_config.go:63.16,65.3 1 1
github.com/smartcontractkit/chainlink/core/config/ocr1_config.go:69.65,71.2 1 0
github.com/smartcontractkit/chainlink/core/config/ocr1_config.go:73.70,75.2 1 0
github.com/smartcontractkit/chainlink/core/config/ocr1_config.go:77.62,79.2 1 0
github.com/smartcontractkit/chainlink/core/config/ocr1_config.go:81.56,83.2 1 0
github.com/smartcontractkit/chainlink/core/config/ocr1_config.go:85.58,87.17 2 0
github.com/smartcontractkit/chainlink/core/config/ocr1_config.go:93.2,93.19 1 0
github.com/smartcontractkit/chainlink/core/config/ocr1_config.go:87.17,89.17 2 0
github.com/smartcontractkit/chainlink/core/config/ocr1_config.go:89.17,91.4 1 0
github.com/smartcontractkit/chainlink/core/config/ocr1_config.go:98.66,100.2 1 1
github.com/smartcontractkit/chainlink/core/config/ocr1_config.go:104.48,106.2 1 1
github.com/smartcontractkit/chainlink/core/config/ocr1_config.go:108.63,110.2 1 0
github.com/smartcontractkit/chainlink/core/config/ocr1_config.go:114.56,116.2 1 0
github.com/smartcontractkit/chainlink/core/config/ocr1_config.go:118.78,120.17 2 0
github.com/smartcontractkit/chainlink/core/config/ocr1_config.go:127.2,127.80 1 0
github.com/smartcontractkit/chainlink/core/config/ocr1_config.go:120.17,122.17 2 0
github.com/smartcontractkit/chainlink/core/config/ocr1_config.go:125.3,125.17 1 0
github.com/smartcontractkit/chainlink/core/config/ocr1_config.go:122.17,124.4 1 0
github.com/smartcontractkit/chainlink/core/config/ocr2_config.go:27.60,29.2 1 0
github.com/smartcontractkit/chainlink/core/config/ocr2_config.go:31.66,33.2 1 0
github.com/smartcontractkit/chainlink/core/config/ocr2_config.go:35.71,37.2 1 0
github.com/smartcontractkit/chainlink/core/config/ocr2_config.go:39.80,41.2 1 0
github.com/smartcontractkit/chainlink/core/config/ocr2_config.go:43.63,45.2 1 0
github.com/smartcontractkit/chainlink/core/config/ocr2_config.go:47.61,49.2 1 0
github.com/smartcontractkit/chainlink/core/config/ocr2_config.go:51.57,53.2 1 0
github.com/smartcontractkit/chainlink/core/config/ocr2_config.go:55.59,57.17 2 0
github.com/smartcontractkit/chainlink/core/config/ocr2_config.go:63.2,63.19 1 0
github.com/smartcontractkit/chainlink/core/config/ocr2_config.go:57.17,59.17 2 0
github.com/smartcontractkit/chainlink/core/config/ocr2_config.go:59.17,61.4 1 0
github.com/smartcontractkit/chainlink/core/config/ocr2_config.go:66.49,68.2 1 0
github.com/smartcontractkit/chainlink/core/config/p2p_config.go:25.80,28.16 3 0
github.com/smartcontractkit/chainlink/core/config/p2p_config.go:31.2,31.10 1 0
github.com/smartcontractkit/chainlink/core/config/p2p_config.go:28.16,30.3 1 0
github.com/smartcontractkit/chainlink/core/config/p2p_config.go:35.56,37.2 1 1
github.com/smartcontractkit/chainlink/core/config/p2p_config.go:40.51,42.18 2 0
github.com/smartcontractkit/chainlink/core/config/p2p_config.go:45.2,46.58 2 0
github.com/smartcontractkit/chainlink/core/config/p2p_config.go:50.2,50.12 1 0
github.com/smartcontractkit/chainlink/core/config/p2p_config.go:42.18,44.3 1 0
github.com/smartcontractkit/chainlink/core/config/p2p_config.go:46.58,49.3 2 0
github.com/smartcontractkit/chainlink/core/config/p2p_config.go:54.47,56.2 1 1
github.com/smartcontractkit/chainlink/core/config/p2p_config.go:58.60,59.43 1 1
github.com/smartcontractkit/chainlink/core/config/p2p_config.go:62.2,62.86 1 1
github.com/smartcontractkit/chainlink/core/config/p2p_config.go:59.43,61.3 1 0
github.com/smartcontractkit/chainlink/core/config/p2p_config.go:65.60,66.43 1 1
github.com/smartcontractkit/chainlink/core/config/p2p_config.go:69.2,69.86 1 1
github.com/smartcontractkit/chainlink/core/config/p2p_config.go:66.43,68.3 1 0
github.com/smartcontractkit/chainlink/core/config/p2p_config.go:83.67,85.2 1 1
github.com/smartcontractkit/chainlink/core/config/p2p_config.go:88.52,90.2 1 1
github.com/smartcontractkit/chainlink/core/config/p2p_config.go:93.61,95.2 1 1
github.com/smartcontractkit/chainlink/core/config/p2p_config.go:98.60,100.2 1 1
github.com/smartcontractkit/chainlink/core/config/p2p_config.go:103.60,105.2 1 1
github.com/smartcontractkit/chainlink/core/config/p2p_v1_config.go:30.67,32.2 1 0
github.com/smartcontractkit/chainlink/core/config/p2p_v1_config.go:34.63,35.53 1 1
github.com/smartcontractkit/chainlink/core/config/p2p_v1_config.go:42.2,42.24 1 1
github.com/smartcontractkit/chainlink/core/config/p2p_v1_config.go:35.53,37.17 2 0
github.com/smartcontractkit/chainlink/core/config/p2p_v1_config.go:40.3,40.78 1 0
github.com/smartcontractkit/chainlink/core/config/p2p_v1_config.go:37.17,39.4 1 0
github.com/smartcontractkit/chainlink/core/config/p2p_v1_config.go:46.46,48.2 1 1
github.com/smartcontractkit/chainlink/core/config/p2p_v1_config.go:51.48,52.49 1 0
github.com/smartcontractkit/chainlink/core/config/p2p_v1_config.go:56.2,57.25 2 0
github.com/smartcontractkit/chainlink/core/config/p2p_v1_config.go:61.2,65.25 4 0
github.com/smartcontractkit/chainlink/core/config/p2p_v1_config.go:68.2,69.16 2 0
github.com/smartcontractkit/chainlink/core/config/p2p_v1_config.go:72.2,75.24 4 0
github.com/smartcontractkit/chainlink/core/config/p2p_v1_config.go:52.49,54.3 1 0
github.com/smartcontractkit/chainlink/core/config/p2p_v1_config.go:57.25,60.3 2 0
github.com/smartcontractkit/chainlink/core/config/p2p_v1_config.go:65.25,67.3 1 0
github.com/smartcontractkit/chainlink/core/config/p2p_v1_config.go:69.16,70.72 1 0
github.com/smartcontractkit/chainlink/core/config/p2p_v1_config.go:79.51,81.2 1 1
github.com/smartcontractkit/chainlink/core/config/p2p_v1_config.go:86.48,89.2 2 0
github.com/smartcontractkit/chainlink/core/config/p2p_v1_config.go:94.50,96.2 1 0
github.com/smartcontractkit/chainlink/core/config/p2p_v1_config.go:104.70,106.2 1 0
github.com/smartcontractkit/chainlink/core/config/p2p_v1_config.go:109.67,110.40 1 1
github.com/smartcontractkit/chainlink/core/config/p2p_v1_config.go:113.2,113.87 1 1
github.com/smartcontractkit/chainlink/core/config/p2p_v1_config.go:110.40,112.3 1 0
github.com/smartcontractkit/chainlink/core/config/p2p_v1_config.go:116.52,117.35 1 1
github.com/smartcontractkit/chainlink/core/config/p2p_v1_config.go:120.2,120.78 1 1
github.com/smartcontractkit/chainlink/core/config/p2p_v1_config.go:117.35,119.3 1 0
github.com/smartcontractkit/chainlink/core/config/p2p_v1_config.go:123.61,124.34 1 1
github.com/smartcontractkit/chainlink/core/config/p2p_v1_config.go:127.2,127.81 1 1
github.com/smartcontractkit/chainlink/core/config/p2p_v1_config.go:124.34,126.3 1 0
github.com/smartcontractkit/chainlink/core/config/p2p_v2_config.go:23.57,25.2 1 2
github.com/smartcontractkit/chainlink/core/config/p2p_v2_config.go:29.59,30.58 1 1
github.com/smartcontractkit/chainlink/core/config/p2p_v2_config.go:33.2,33.33 1 1
github.com/smartcontractkit/chainlink/core/config/p2p_v2_config.go:30.58,32.3 1 0
github.com/smartcontractkit/chainlink/core/config/p2p_v2_config.go:37.62,39.2 1 0
github.com/smartcontractkit/chainlink/core/config/p2p_v2_config.go:43.94,45.34 2 0
github.com/smartcontractkit/chainlink/core/config/p2p_v2_config.go:53.2,53.8 1 0
github.com/smartcontractkit/chainlink/core/config/p2p_v2_config.go:45.34,48.17 3 0
github.com/smartcontractkit/chainlink/core/config/p2p_v2_config.go:51.3,51.39 1 0
github.com/smartcontractkit/chainlink/core/config/p2p_v2_config.go:48.17,50.4 1 0
github.com/smartcontractkit/chainlink/core/config/p2p_v2_config.go:57.58,59.2 1 1
github.com/smartcontractkit/chainlink/core/config/p2p_v2_config.go:62.58,64.2 1 1
github.com/smartcontractkit/chainlink/core/config/p2p_v2_config.go:67.63,69.2 1 1
github.com/smartcontractkit/chainlink/core/config/envvar/envvar.go:34.72,38.2 3 5
github.com/smartcontractkit/chainlink/core/config/envvar/envvar.go:41.58,44.16 3 0
github.com/smartcontractkit/chainlink/core/config/envvar/envvar.go:47.2,47.8 1 0
github.com/smartcontractkit/chainlink/core/config/envvar/envvar.go:44.16,46.3 1 0
github.com/smartcontractkit/chainlink/core/config/envvar/envvar.go:52.96,54.15 2 0
github.com/smartcontractkit/chainlink/core/config/envvar/envvar.go:66.2,66.19 1 0
github.com/smartcontractkit/chainlink/core/config/envvar/envvar.go:71.2,73.8 3 0
github.com/smartcontractkit/chainlink/core/config/envvar/envvar.go:54.15,56.17 2 0
github.com/smartcontractkit/chainlink/core/config/envvar/envvar.go:59.3,60.20 2 0
github.com/smartcontractkit/chainlink/core/config/envvar/envvar.go:63.3,63.120 1 0
github.com/smartcontractkit/chainlink/core/config/envvar/envvar.go:56.17,58.4 1 0
github.com/smartcontractkit/chainlink/core/config/envvar/envvar.go:60.20,62.4 1 0
github.com/smartcontractkit/chainlink/core/config/envvar/envvar.go:66.19,69.3 2 0
github.com/smartcontractkit/chainlink/core/config/envvar/envvar.go:76.59,80.2 3 0
github.com/smartcontractkit/chainlink/core/config/envvar/envvar.go:82.55,86.2 3 0
github.com/smartcontractkit/chainlink/core/config/envvar/envvar.go:88.68,92.23 4 0
github.com/smartcontractkit/chainlink/core/config/envvar/envvar.go:98.2,98.20 1 0
github.com/smartcontractkit/chainlink/core/config/envvar/envvar.go:93.21,94.9 1 0
github.com/smartcontractkit/chainlink/core/config/envvar/envvar.go:95.22,96.10 1 0
github.com/smartcontractkit/chainlink/core/config/envvar/schema.go:262.32,265.9 3 5
github.com/smartcontractkit/chainlink/core/config/envvar/schema.go:268.2,268.28 1 5
github.com/smartcontractkit/chainlink/core/config/envvar/schema.go:265.9,267.3 1 0
github.com/smartcontractkit/chainlink/core/config/envvar/schema.go:271.35,274.9 3 0
github.com/smartcontractkit/chainlink/core/config/envvar/schema.go:277.2,277.28 1 0
github.com/smartcontractkit/chainlink/core/config/envvar/schema.go:274.9,276.3 1 0
github.com/smartcontractkit/chainlink/core/config/envvar/schema.go:280.47,282.47 2 5
github.com/smartcontractkit/chainlink/core/config/envvar/schema.go:285.2,286.18 2 0
github.com/smartcontractkit/chainlink/core/config/envvar/schema.go:282.47,284.3 1 5
github.com/smartcontractkit/chainlink/core/config/envvar/schema.go:289.41,291.47 2 0
github.com/smartcontractkit/chainlink/core/config/envvar/schema.go:297.2,298.12 2 0
github.com/smartcontractkit/chainlink/core/config/envvar/schema.go:291.47,292.38 1 0
github.com/smartcontractkit/chainlink/core/config/envvar/schema.go:295.3,295.44 1 0
github.com/smartcontractkit/chainlink/core/config/envvar/schema.go:292.38,294.4 1 0
github.com/smartcontractkit/chainlink/core/external/chainlink-solana/contracts/generated/access_controller/AcceptOwnership.go:23.62,28.2 2 0
github.com/smartcontractkit/chainlink/core/external/chainlink-solana/contracts/generated/access_controller/AcceptOwnership.go:31.92,34.2 2 0
github.com/smartcontractkit/chainlink/core/external/chainlink-solana/contracts/generated/access_controller/AcceptOwnership.go:37.73,39.2 1 0
github.com/smartcontractkit/chainlink/core/external/chainlink-solana/contracts/generated/access_controller/AcceptOwnership.go:42.100,45.2 2 0
github.com/smartcontractkit/chainlink/core/external/chainlink-solana/contracts/generated/access_controller/AcceptOwnership.go:48.77,50.2 1 0
github.com/smartcontractkit/chainlink/core/external/chainlink-solana/contracts/generated/access_controller/AcceptOwnership.go:52.50,57.2 1 0
github.com/smartcontractkit/chainlink/core/external/chainlink-solana/contracts/generated/access_controller/AcceptOwnership.go:62.70,63.40 1 0
github.com/smartcontractkit/chainlink/core/external/chainlink-solana/contracts/generated/access_controller/AcceptOwnership.go:66.2,66.26 1 0
github.com/smartcontractkit/chainlink/core/external/chainlink-solana/contracts/generated/access_controller/AcceptOwnership.go:63.40,65.3 1 0
github.com/smartcontractkit/chainlink/core/external/chainlink-solana/contracts/generated/access_controller/AcceptOwnership.go:69.47,71.2 1 0
github.com/smartcontractkit/chainlink/core/external/chainlink-solana/contracts/generated/access_controller/AcceptOwnership.go:79.2,79.12 1 0
github.com/smartcontractkit/chainlink/core/external/chainlink-solana/contracts/generated/access_controller/AcceptOwnership.go:71.2,72.38 1 0
github.com/smartcontractkit/chainlink/core/external/chainlink-solana/contracts/generated/access_controller/AcceptOwnership.go:75.3,75.38 1 0
github.com/smartcontractkit/chainlink/core/external/chainlink-solana/contracts/generated/access_controller/AcceptOwnership.go:72.38,74.4 1 0
github.com/smartcontractkit/chainlink/core/external/chainlink-solana/contracts/generated/access_controller/AcceptOwnership.go:75.38,77.4 1 0
github.com/smartcontractkit/chainlink/core/external/chainlink-solana/contracts/generated/access_controller/AcceptOwnership.go:82.71,85.54 1 0
github.com/smartcontractkit/chainlink/core/external/chainlink-solana/contracts/generated/access_controller/AcceptOwnership.go:85.54,88.60 1 0
github.com/smartcontractkit/chainlink/core/external/chainlink-solana/contracts/generated/access_controller/AcceptOwnership.go:88.60,91.97 1 0
github.com/smartcontractkit/chainlink/core/external/chainlink-solana/contracts/generated/access_controller/AcceptOwnership.go:94.6,94.101 1 0
github.com/smartcontractkit/chainlink/core/external/chainlink-solana/contracts/generated/access_controller/AcceptOwnership.go:91.98,91.99 0 0
github.com/smartcontractkit/chainlink/core/external/chainlink-solana/contracts/generated/access_controller/AcceptOwnership.go:94.101,97.7 2 0
github.com/smartcontractkit/chainlink/core/external/chainlink-solana/contracts/generated/access_controller/AcceptOwnership.go:102.87,104.2 1 1
github.com/smartcontractkit/chainlink/core/external/chainlink-solana/contracts/generated/access_controller/AcceptOwnership.go:105.90,107.2 1 1
github.com/smartcontractkit/chainlink/core/external/chainlink-solana/contracts/generated/access_controller/AcceptOwnership.go:113.52,117.2 1 0
github.com/smartcontractkit/chainlink/core/external/chainlink-solana/contracts/generated/access_controller/AddAccess.go:25.50,30.2 2 0
github.com/smartcontractkit/chainlink/core/external/chainlink-solana/contracts/generated/access_controller/AddAccess.go:33.80,36.2 2 0
github.com/smartcontractkit/chainlink/core/external/chainlink-solana/contracts/generated/access_controller/AddAccess.go:39.67,41.2 1 0
github.com/smartcontractkit/chainlink/core/external/chainlink-solana/contracts/generated/access_controller/AddAccess.go:44.80,47.2 2 0
github.com/smartcontractkit/chainlink/core/external/chainlink-solana/contracts/generated/access_controller/AddAccess.go:50.67,52.2 1 0
github.com/smartcontractkit/chainlink/core/external/chainlink-solana/contracts/generated/access_controller/AddAccess.go:55.84,58.2 2 0
github.com/smartcontractkit/chainlink/core/external/chainlink-solana/contracts/generated/access_controller/AddAccess.go:61.69,63.2 1 0
github.com/smartcontractkit/chainlink/core/external/chainlink-solana/contracts/generated/access_controller/AddAccess.go:65.44,70.2 1 0
github.com/smartcontractkit/chainlink/core/external/chainlink-solana/contracts/generated/access_controller/AddAccess.go:75.64,76.40 1 0
github.com/smartcontractkit/chainlink/core/external/chainlink-solana/contracts/generated/access_controller/AddAccess.go:79.2,79.26 1 0
github.com/smartcontractkit/chainlink/core/external/chainlink-solana/contracts/generated/access_controller/AddAccess.go:76.40,78.3 1 0
github.com/smartcontractkit/chainlink/core/external/chainlink-solana/contracts/generated/access_controller/AddAccess.go:82.41,84.2 1 0
github.com/smartcontractkit/chainlink/core/external/chainlink-solana/contracts/generated/access_controller/AddAccess.go:95.2,95.12 1 0
github.com/smartcontractkit/chainlink/core/external/chainlink-solana/contracts/generated/access_controller/AddAccess.go:84.2,85.38 1 0
github.com/smartcontractkit/chainlink/core/external/chainlink-solana/contracts/generated/access_controller/AddAccess.go:88.3,88.38 1 0
github.com/smartcontractkit/chainlink/core/external/chainlink-solana/contracts/generated/access_controller/AddAccess.go:91.3,91.38 1 0
github.com/smartcontractkit/chainlink/core/external/chainlink-solana/contracts/generated/access_controller/AddAccess.go:85.38,87.4 1 0
github.com/smartcontractkit/chainlink/core/external/chainlink-solana/contracts/generated/access_controller/AddAccess.go:88.38,90.4 1 0
github.com/smartcontractkit/chainlink/core/external/chainlink-solana/contracts/generated/access_controller/AddAccess.go:91.38,93.4 1 0
github.com/smartcontractkit/chainlink/core/external/chainlink-solana/contracts/generated/access_controller/AddAccess.go:98.65,101.54 1 0
github.com/smartcontractkit/chainlink/core/external/chainlink-solana/contracts/generated/access_controller/AddAccess.go:101.54,104.60 1 0
github.com/smartcontractkit/chainlink/core/external/chainlink-solana/contracts/generated/access_controller/AddAccess.go:104.60,107.97 1 0
github.com/smartcontractkit/chainlink/core/external/chainlink-solana/contracts/generated/access_controller/AddAccess.go:110.6,110.101 1 0
github.com/smartcontractkit/chainlink/core/external/chainlink-solana/contracts/generated/access_controller/AddAccess.go:107.98,107.99 0 0
github.com/smartcontractkit/chainlink/core/external/chainlink-solana/contracts/generated/access_controller/AddAccess.go:110.101,114.7 3 0
github.com/smartcontractkit/chainlink/core/external/chainlink-solana/contracts/generated/access_controller/AddAccess.go:119.81,121.2 1 1
github.com/smartcontractkit/chainlink/core/external/chainlink-solana/contracts/generated/access_controller/AddAccess.go:122.84,124.2 1 1
github.com/smartcontractkit/chainlink/core/external/chainlink-solana/contracts/generated/access_controller/AddAccess.go:131.44,136.2 1 0
github.com/smartcontractkit/chainlink/core/external/chainlink-solana/contracts/generated/access_controller/accounts.go:19.88,22.16 2 0
github.com/smartcontractkit/chainlink/core/external/chainlink-solana/contracts/generated/access_controller/accounts.go:26.2,27.16 2 0
github.com/smartcontractkit/chainlink/core/external/chainlink-solana/contracts/generated/access_controller/accounts.go:31.2,32.16 2 0
github.com/smartcontractkit/chainlink/core/external/chainlink-solana/contracts/generated/access_controller/accounts.go:36.2,37.16 2 0
github.com/smartcontractkit/chainlink/core/external/chainlink-solana/contracts/generated/access_controller/accounts.go:40.2,40.12 1 0
github.com/smartcontractkit/chainlink/core/external/chainlink-solana/contracts/generated/access_controller/accounts.go:22.16,24.3 1 0
github.com/smartcontractkit/chainlink/core/external/chainlink-solana/contracts/generated/access_controller/accounts.go:27.16,29.3 1 0
github.com/smartcontractkit/chainlink/core/external/chainlink-solana/contracts/generated/access_controller/accounts.go:32.16,34.3 1 0
github.com/smartcontractkit/chainlink/core/external/chainlink-solana/contracts/generated/access_controller/accounts.go:37.16,39.3 1 0
github.com/smartcontractkit/chainlink/core/external/chainlink-solana/contracts/generated/access_controller/accounts.go:43.91,45.2 1 0
github.com/smartcontractkit/chainlink/core/external/chainlink-solana/contracts/generated/access_controller/accounts.go:58.2,59.16 2 0
github.com/smartcontractkit/chainlink/core/external/chainlink-solana/contracts/generated/access_controller/accounts.go:63.2,64.16 2 0
github.com/smartcontractkit/chainlink/core/external/chainlink-solana/contracts/generated/access_controller/accounts.go:68.2,69.16 2 0
github.com/smartcontractkit/chainlink/core/external/chainlink-solana/contracts/generated/access_controller/accounts.go:72.2,72.12 1 0
github.com/smartcontractkit/chainlink/core/external/chainlink-solana/contracts/generated/access_controller/accounts.go:45.2,47.17 2 0
github.com/smartcontractkit/chainlink/core/external/chainlink-solana/contracts/generated/access_controller/accounts.go:50.3,50.61 1 0
github.com/smartcontractkit/chainlink/core/external/chainlink-solana/contracts/generated/access_controller/accounts.go:47.17,49.4 1 0
github.com/smartcontractkit/chainlink/core/external/chainlink-solana/contracts/generated/access_controller/accounts.go:50.61,55.4 1 0
github.com/smartcontractkit/chainlink/core/external/chainlink-solana/contracts/generated/access_controller/accounts.go:59.16,61.3 1 0
github.com/smartcontractkit/chainlink/core/external/chainlink-solana/contracts/generated/access_controller/accounts.go:64.16,66.3 1 0
github.com/smartcontractkit/chainlink/core/external/chainlink-solana/contracts/generated/access_controller/accounts.go:69.16,71.3 1 0
github.com/smartcontractkit/chainlink/core/external/chainlink-solana/contracts/generated/access_controller/instructions.go:17.49,20.2 2 0
github.com/smartcontractkit/chainlink/core/external/chainlink-solana/contracts/generated/access_controller/instructions.go:24.13,25.25 1 1
github.com/smartcontractkit/chainlink/core/external/chainlink-solana/contracts/generated/access_controller/instructions.go:25.25,27.3 1 0
github.com/smartcontractkit/chainlink/core/external/chainlink-solana/contracts/generated/access_controller/instructions.go:43.54,44.12 1 0
github.com/smartcontractkit/chainlink/core/external/chainlink-solana/contracts/generated/access_controller/instructions.go:45.30,46.22 1 0
github.com/smartcontractkit/chainlink/core/external/chainlink-solana/contracts/generated/access_controller/instructions.go:47.37,48.29 1 0
github.com/smartcontractkit/chainlink/core/external/chainlink-solana/contracts/generated/access_controller/instructions.go:49.35,50.27 1 0
github.com/smartcontractkit/chainlink/core/external/chainlink-solana/contracts/generated/access_controller/instructions.go:51.29,52.21 1 0
github.com/smartcontractkit/chainlink/core/external/chainlink-solana/contracts/generated/access_controller/instructions.go:53.32,54.24 1 0
github.com/smartcontractkit/chainlink/core/external/chainlink-solana/contracts/generated/access_controller/instructions.go:55.10,56.12 1 0
github.com/smartcontractkit/chainlink/core/external/chainlink-solana/contracts/generated/access_controller/instructions.go:64.67,65.61 1 0
github.com/smartcontractkit/chainlink/core/external/chainlink-solana/contracts/generated/access_controller/instructions.go:65.61,67.3 1 0
github.com/smartcontractkit/chainlink/core/external/chainlink-solana/contracts/generated/access_controller/instructions.go:67.8,69.3 1 0
github.com/smartcontractkit/chainlink/core/external/chainlink-solana/contracts/generated/access_controller/instructions.go:93.60,95.2 1 0
github.com/smartcontractkit/chainlink/core/external/chainlink-solana/contracts/generated/access_controller/instructions.go:97.70,99.2 1 0
github.com/smartcontractkit/chainlink/core/external/chainlink-solana/contracts/generated/access_controller/instructions.go:101.49,103.68 2 0
github.com/smartcontractkit/chainlink/core/external/chainlink-solana/contracts/generated/access_controller/instructions.go:106.2,106.25 1 0
github.com/smartcontractkit/chainlink/core/external/chainlink-solana/contracts/generated/access_controller/instructions.go:103.68,105.3 1 0
github.com/smartcontractkit/chainlink/core/external/chainlink-solana/contracts/generated/access_controller/instructions.go:109.93,111.2 1 0
github.com/smartcontractkit/chainlink/core/external/chainlink-solana/contracts/generated/access_controller/instructions.go:113.81,115.2 1 0
github.com/smartcontractkit/chainlink/core/external/chainlink-solana/contracts/generated/access_controller/instructions.go:117.79,119.16 2 0
github.com/smartcontractkit/chainlink/core/external/chainlink-solana/contracts/generated/access_controller/instructions.go:122.2,122.34 1 0
github.com/smartcontractkit/chainlink/core/external/chainlink-solana/contracts/generated/access_controller/instructions.go:119.16,121.3 1 0
github.com/smartcontractkit/chainlink/core/external/chainlink-solana/contracts/generated/access_controller/instructions.go:125.103,127.16 2 0
github.com/smartcontractkit/chainlink/core/external/chainlink-solana/contracts/generated/access_controller/instructions.go:130.2,130.18 1 0
github.com/smartcontractkit/chainlink/core/external/chainlink-solana/contracts/generated/access_controller/instructions.go:127.16,129.3 1 0
github.com/smartcontractkit/chainlink/core/external/chainlink-solana/contracts/generated/access_controller/instructions.go:133.96,135.69 2 0
github.com/smartcontractkit/chainlink/core/external/chainlink-solana/contracts/generated/access_controller/instructions.go:138.2,138.59 1 0
github.com/smartcontractkit/chainlink/core/external/chainlink-solana/contracts/generated/access_controller/instructions.go:144.2,144.18 1 0
github.com/smartcontractkit/chainlink/core/external/chainlink-solana/contracts/generated/access_controller/instructions.go:135.69,137.3 1 0
github.com/smartcontractkit/chainlink/core/external/chainlink-solana/contracts/generated/access_controller/instructions.go:138.59,140.17 2 0
github.com/smartcontractkit/chainlink/core/external/chainlink-solana/contracts/generated/access_controller/instructions.go:140.17,142.4 1 0
github.com/smartcontractkit/chainlink/core/external/chainlink-solana/contracts/generated/access_controller/testing_utils.go:11.57,12.68 1 5
github.com/smartcontractkit/chainlink/core/external/chainlink-solana/contracts/generated/access_controller/testing_utils.go:15.2,15.12 1 5
github.com/smartcontractkit/chainlink/core/external/chainlink-solana/contracts/generated/access_controller/testing_utils.go:12.68,14.3 1 0
github.com/smartcontractkit/chainlink/core/external/chainlink-solana/contracts/generated/access_controller/testing_utils.go:18.50,20.2 1 5
github.com/smartcontractkit/chainlink/core/external/chainlink-solana/contracts/generated/access_controller/Initialize.go:29.52,34.2 2 0
github.com/smartcontractkit/chainlink/core/external/chainlink-solana/contracts/generated/access_controller/Initialize.go:37.82,40.2 2 0
github.com/smartcontractkit/chainlink/core/external/chainlink-solana/contracts/generated/access_controller/Initialize.go:43.68,45.2 1 0
github.com/smartcontractkit/chainlink/core/external/chainlink-solana/contracts/generated/access_controller/Initialize.go:48.82,51.2 2 0
github.com/smartcontractkit/chainlink/core/external/chainlink-solana/contracts/generated/access_controller/Initialize.go:54.68,56.2 1 0
github.com/smartcontractkit/chainlink/core/external/chainlink-solana/contracts/generated/access_controller/Initialize.go:59.82,62.2 2 0
github.com/smartcontractkit/chainlink/core/external/chainlink-solana/contracts/generated/access_controller/Initialize.go:65.68,67.2 1 0
github.com/smartcontractkit/chainlink/core/external/chainlink-solana/contracts/generated/access_controller/Initialize.go:70.80,73.2 2 0
github.com/smartcontractkit/chainlink/core/external/chainlink-solana/contracts/generated/access_controller/Initialize.go:76.67,78.2 1 0
github.com/smartcontractkit/chainlink/core/external/chainlink-solana/contracts/generated/access_controller/Initialize.go:81.98,84.2 2 0
github.com/smartcontractkit/chainlink/core/external/chainlink-solana/contracts/generated/access_controller/Initialize.go:87.76,89.2 1 0
github.com/smartcontractkit/chainlink/core/external/chainlink-solana/contracts/generated/access_controller/Initialize.go:91.45,96.2 1 0
github.com/smartcontractkit/chainlink/core/external/chainlink-solana/contracts/generated/access_controller/Initialize.go:101.65,102.40 1 0
github.com/smartcontractkit/chainlink/core/external/chainlink-solana/contracts/generated/access_controller/Initialize.go:105.2,105.26 1 0
github.com/smartcontractkit/chainlink/core/external/chainlink-solana/contracts/generated/access_controller/Initialize.go:102.40,104.3 1 0
github.com/smartcontractkit/chainlink/core/external/chainlink-solana/contracts/generated/access_controller/Initialize.go:108.42,110.2 1 0
github.com/smartcontractkit/chainlink/core/external/chainlink-solana/contracts/generated/access_controller/Initialize.go:127.2,127.12 1 0
github.com/smartcontractkit/chainlink/core/external/chainlink-solana/contracts/generated/access_controller/Initialize.go:110.2,111.38 1 0
github.com/smartcontractkit/chainlink/core/external/chainlink-solana/contracts/generated/access_controller/Initialize.go:114.3,114.38 1 0
github.com/smartcontractkit/chainlink/core/external/chainlink-solana/contracts/generated/access_controller/Initialize.go:117.3,117.38 1 0
github.com/smartcontractkit/chainlink/core/external/chainlink-solana/contracts/generated/access_controller/Initialize.go:120.3,120.38 1 0
github.com/smartcontractkit/chainlink/core/external/chainlink-solana/contracts/generated/access_controller/Initialize.go:123.3,123.38 1 0
github.com/smartcontractkit/chainlink/core/external/chainlink-solana/contracts/generated/access_controller/Initialize.go:111.38,113.4 1 0
github.com/smartcontractkit/chainlink/core/external/chainlink-solana/contracts/generated/access_controller/Initialize.go:114.38,116.4 1 0
github.com/smartcontractkit/chainlink/core/external/chainlink-solana/contracts/generated/access_controller/Initialize.go:117.38,119.4 1 0
github.com/smartcontractkit/chainlink/core/external/chainlink-solana/contracts/generated/access_controller/Initialize.go:120.38,122.4 1 0
github.com/smartcontractkit/chainlink/core/external/chainlink-solana/contracts/generated/access_controller/Initialize.go:123.38,125.4 1 0
github.com/smartcontractkit/chainlink/core/external/chainlink-solana/contracts/generated/access_controller/Initialize.go:130.66,133.54 1 0
github.com/smartcontractkit/chainlink/core/external/chainlink-solana/contracts/generated/access_controller/Initialize.go:133.54,136.60 1 0
github.com/smartcontractkit/chainlink/core/external/chainlink-solana/contracts/generated/access_controller/Initialize.go:136.60,139.97 1 0
github.com/smartcontractkit/chainlink/core/external/chainlink-solana/contracts/generated/access_controller/Initialize.go:142.6,142.101 1 0
github.com/smartcontractkit/chainlink/core/external/chainlink-solana/contracts/generated/access_controller/Initialize.go:139.98,139.99 0 0
github.com/smartcontractkit/chainlink/core/external/chainlink-solana/contracts/generated/access_controller/Initialize.go:142.101,148.7 5 0
github.com/smartcontractkit/chainlink/core/external/chainlink-solana/contracts/generated/access_controller/Initialize.go:153.82,155.2 1 1
github.com/smartcontractkit/chainlink/core/external/chainlink-solana/contracts/generated/access_controller/Initialize.go:156.85,158.2 1 1
github.com/smartcontractkit/chainlink/core/external/chainlink-solana/contracts/generated/access_controller/Initialize.go:167.51,174.2 1 0
github.com/smartcontractkit/chainlink/core/external/chainlink-solana/contracts/generated/access_controller/RemoveAccess.go:25.56,30.2 2 0
github.com/smartcontractkit/chainlink/core/external/chainlink-solana/contracts/generated/access_controller/RemoveAccess.go:33.86,36.2 2 0
github.com/smartcontractkit/chainlink/core/external/chainlink-solana/contracts/generated/access_controller/RemoveAccess.go:39.70,41.2 1 0
github.com/smartcontractkit/chainlink/core/external/chainlink-solana/contracts/generated/access_controller/RemoveAccess.go:44.86,47.2 2 0
github.com/smartcontractkit/chainlink/core/external/chainlink-solana/contracts/generated/access_controller/RemoveAccess.go:50.70,52.2 1 0
github.com/smartcontractkit/chainlink/core/external/chainlink-solana/contracts/generated/access_controller/RemoveAccess.go:55.90,58.2 2 0
github.com/smartcontractkit/chainlink/core/external/chainlink-solana/contracts/generated/access_controller/RemoveAccess.go:61.72,63.2 1 0
github.com/smartcontractkit/chainlink/core/external/chainlink-solana/contracts/generated/access_controller/RemoveAccess.go:65.47,70.2 1 0
github.com/smartcontractkit/chainlink/core/external/chainlink-solana/contracts/generated/access_controller/RemoveAccess.go:75.67,76.40 1 0
github.com/smartcontractkit/chainlink/core/external/chainlink-solana/contracts/generated/access_controller/RemoveAccess.go:79.2,79.26 1 0
github.com/smartcontractkit/chainlink/core/external/chainlink-solana/contracts/generated/access_controller/RemoveAccess.go:76.40,78.3 1 0
github.com/smartcontractkit/chainlink/core/external/chainlink-solana/contracts/generated/access_controller/RemoveAccess.go:82.44,84.2 1 0
github.com/smartcontractkit/chainlink/core/external/chainlink-solana/contracts/generated/access_controller/RemoveAccess.go:95.2,95.12 1 0
github.com/smartcontractkit/chainlink/core/external/chainlink-solana/contracts/generated/access_controller/RemoveAccess.go:84.2,85.38 1 0
github.com/smartcontractkit/chainlink/core/external/chainlink-solana/contracts/generated/access_controller/RemoveAccess.go:88.3,88.38 1 0
github.com/smartcontractkit/chainlink/core/external/chainlink-solana/contracts/generated/access_controller/RemoveAccess.go:91.3,91.38 1 0
github.com/smartcontractkit/chainlink/core/external/chainlink-solana/contracts/generated/access_controller/RemoveAccess.go:85.38,87.4 1 0
github.com/smartcontractkit/chainlink/core/external/chainlink-solana/contracts/generated/access_controller/RemoveAccess.go:88.38,90.4 1 0
github.com/smartcontractkit/chainlink/core/external/chainlink-solana/contracts/generated/access_controller/RemoveAccess.go:91.38,93.4 1 0
github.com/smartcontractkit/chainlink/core/external/chainlink-solana/contracts/generated/access_controller/RemoveAccess.go:98.68,101.54 1 0
github.com/smartcontractkit/chainlink/core/external/chainlink-solana/contracts/generated/access_controller/RemoveAccess.go:101.54,104.60 1 0
github.com/smartcontractkit/chainlink/core/external/chainlink-solana/contracts/generated/access_controller/RemoveAccess.go:104.60,107.97 1 0
github.com/smartcontractkit/chainlink/core/external/chainlink-solana/contracts/generated/access_controller/RemoveAccess.go:110.6,110.101 1 0
github.com/smartcontractkit/chainlink/core/external/chainlink-solana/contracts/generated/access_controller/RemoveAccess.go:107.98,107.99 0 0
github.com/smartcontractkit/chainlink/core/external/chainlink-solana/contracts/generated/access_controller/RemoveAccess.go:110.101,114.7 3 0
github.com/smartcontractkit/chainlink/core/external/chainlink-solana/contracts/generated/access_controller/RemoveAccess.go:119.84,121.2 1 1
github.com/smartcontractkit/chainlink/core/external/chainlink-solana/contracts/generated/access_controller/RemoveAccess.go:122.87,124.2 1 1
github.com/smartcontractkit/chainlink/core/external/chainlink-solana/contracts/generated/access_controller/RemoveAccess.go:131.47,136.2 1 0
github.com/smartcontractkit/chainlink/core/external/chainlink-solana/contracts/generated/access_controller/TransferOwnership.go:24.66,29.2 2 0
github.com/smartcontractkit/chainlink/core/external/chainlink-solana/contracts/generated/access_controller/TransferOwnership.go:32.105,35.2 2 0
github.com/smartcontractkit/chainlink/core/external/chainlink-solana/contracts/generated/access_controller/TransferOwnership.go:38.96,41.2 2 0
github.com/smartcontractkit/chainlink/core/external/chainlink-solana/contracts/generated/access_controller/TransferOwnership.go:44.75,46.2 1 0
github.com/smartcontractkit/chainlink/core/external/chainlink-solana/contracts/generated/access_controller/TransferOwnership.go:49.104,52.2 2 0
github.com/smartcontractkit/chainlink/core/external/chainlink-solana/contracts/generated/access_controller/TransferOwnership.go:55.79,57.2 1 0
github.com/smartcontractkit/chainlink/core/external/chainlink-solana/contracts/generated/access_controller/TransferOwnership.go:59.52,64.2 1 0
github.com/smartcontractkit/chainlink/core/external/chainlink-solana/contracts/generated/access_controller/TransferOwnership.go:69.72,70.40 1 0
github.com/smartcontractkit/chainlink/core/external/chainlink-solana/contracts/generated/access_controller/TransferOwnership.go:73.2,73.26 1 0
github.com/smartcontractkit/chainlink/core/external/chainlink-solana/contracts/generated/access_controller/TransferOwnership.go:70.40,72.3 1 0
github.com/smartcontractkit/chainlink/core/external/chainlink-solana/contracts/generated/access_controller/TransferOwnership.go:76.49,78.2 1 0
github.com/smartcontractkit/chainlink/core/external/chainlink-solana/contracts/generated/access_controller/TransferOwnership.go:93.2,93.12 1 0
github.com/smartcontractkit/chainlink/core/external/chainlink-solana/contracts/generated/access_controller/TransferOwnership.go:78.2,79.32 1 0
github.com/smartcontractkit/chainlink/core/external/chainlink-solana/contracts/generated/access_controller/TransferOwnership.go:79.32,81.4 1 0
github.com/smartcontractkit/chainlink/core/external/chainlink-solana/contracts/generated/access_controller/TransferOwnership.go:85.2,86.38 1 0
github.com/smartcontractkit/chainlink/core/external/chainlink-solana/contracts/generated/access_controller/TransferOwnership.go:89.3,89.38 1 0
github.com/smartcontractkit/chainlink/core/external/chainlink-solana/contracts/generated/access_controller/TransferOwnership.go:86.38,88.4 1 0
github.com/smartcontractkit/chainlink/core/external/chainlink-solana/contracts/generated/access_controller/TransferOwnership.go:89.38,91.4 1 0
github.com/smartcontractkit/chainlink/core/external/chainlink-solana/contracts/generated/access_controller/TransferOwnership.go:96.73,99.54 1 0
github.com/smartcontractkit/chainlink/core/external/chainlink-solana/contracts/generated/access_controller/TransferOwnership.go:99.54,102.60 1 0
github.com/smartcontractkit/chainlink/core/external/chainlink-solana/contracts/generated/access_controller/TransferOwnership.go:102.60,105.97 1 0
github.com/smartcontractkit/chainlink/core/external/chainlink-solana/contracts/generated/access_controller/TransferOwnership.go:110.6,110.101 1 0
github.com/smartcontractkit/chainlink/core/external/chainlink-solana/contracts/generated/access_controller/TransferOwnership.go:105.97,107.7 1 0
github.com/smartcontractkit/chainlink/core/external/chainlink-solana/contracts/generated/access_controller/TransferOwnership.go:110.101,113.7 2 0
github.com/smartcontractkit/chainlink/core/external/chainlink-solana/contracts/generated/access_controller/TransferOwnership.go:118.89,121.16 2 1
github.com/smartcontractkit/chainlink/core/external/chainlink-solana/contracts/generated/access_controller/TransferOwnership.go:124.2,124.12 1 1
[...]
github.com/smartcontractkit/chainlink/core/web/resolver/query.go:514.88,515.46 1 3
github.com/smartcontractkit/chainlink/core/web/resolver/query.go:519.2,520.16 2 2
github.com/smartcontractkit/chainlink/core/web/resolver/query.go:524.2,524.40 1 1
github.com/smartcontractkit/chainlink/core/web/resolver/query.go:515.46,517.3 1 1
github.com/smartcontractkit/chainlink/core/web/resolver/query.go:520.16,522.3 1 1
github.com/smartcontractkit/chainlink/core/web/resolver/query.go:527.91,528.46 1 2
github.com/smartcontractkit/chainlink/core/web/resolver/query.go:532.2,534.46 2 1
github.com/smartcontractkit/chainlink/core/web/resolver/query.go:528.46,530.3 1 1
github.com/smartcontractkit/chainlink/core/web/resolver/query.go:538.96,539.46 1 3
github.com/smartcontractkit/chainlink/core/web/resolver/query.go:543.2,544.16 2 2
github.com/smartcontractkit/chainlink/core/web/resolver/query.go:548.2,548.44 1 1
github.com/smartcontractkit/chainlink/core/web/resolver/query.go:539.46,541.3 1 1
github.com/smartcontractkit/chainlink/core/web/resolver/query.go:544.16,546.3 1 1
github.com/smartcontractkit/chainlink/core/web/resolver/ocr.go:15.69,17.2 1 2
github.com/smartcontractkit/chainlink/core/web/resolver/ocr.go:19.47,21.2 1 4
github.com/smartcontractkit/chainlink/core/web/resolver/ocr.go:23.56,25.2 1 4
github.com/smartcontractkit/chainlink/core/web/resolver/ocr.go:27.58,29.2 1 4
github.com/smartcontractkit/chainlink/core/web/resolver/ocr.go:31.62,33.2 1 4
github.com/smartcontractkit/chainlink/core/web/resolver/ocr.go:39.89,41.2 1 1
github.com/smartcontractkit/chainlink/core/web/resolver/ocr.go:43.73,45.27 2 1
github.com/smartcontractkit/chainlink/core/web/resolver/ocr.go:48.2,48.16 1 1
github.com/smartcontractkit/chainlink/core/web/resolver/ocr.go:45.27,47.3 1 2
github.com/smartcontractkit/chainlink/core/web/resolver/ocr.go:57.89,59.2 1 1
github.com/smartcontractkit/chainlink/core/web/resolver/ocr.go:61.118,62.18 1 1
github.com/smartcontractkit/chainlink/core/web/resolver/ocr.go:66.2,66.19 1 0
github.com/smartcontractkit/chainlink/core/web/resolver/ocr.go:62.18,64.3 1 1
github.com/smartcontractkit/chainlink/core/web/resolver/ocr.go:73.89,75.2 1 1
github.com/smartcontractkit/chainlink/core/web/resolver/ocr.go:77.76,79.2 1 1
github.com/smartcontractkit/chainlink/core/web/resolver/ocr.go:87.96,89.2 1 1
github.com/smartcontractkit/chainlink/core/web/resolver/ocr.go:91.75,93.2 1 1
github.com/smartcontractkit/chainlink/core/web/resolver/ocr.go:100.107,103.16 2 2
github.com/smartcontractkit/chainlink/core/web/resolver/ocr.go:109.2,109.80 1 2
github.com/smartcontractkit/chainlink/core/web/resolver/ocr.go:103.16,104.102 1 1
github.com/smartcontractkit/chainlink/core/web/resolver/ocr.go:104.102,106.4 1 1
github.com/smartcontractkit/chainlink/core/web/resolver/ocr.go:112.118,113.18 1 2
github.com/smartcontractkit/chainlink/core/web/resolver/ocr.go:116.2,116.19 1 1
github.com/smartcontractkit/chainlink/core/web/resolver/ocr.go:113.18,115.3 1 1
github.com/smartcontractkit/chainlink/core/web/resolver/job_error.go:17.61,19.2 1 2
github.com/smartcontractkit/chainlink/core/web/resolver/job_error.go:21.67,23.31 2 1
github.com/smartcontractkit/chainlink/core/web/resolver/job_error.go:27.2,27.18 1 1
github.com/smartcontractkit/chainlink/core/web/resolver/job_error.go:23.31,25.3 1 1
github.com/smartcontractkit/chainlink/core/web/resolver/job_error.go:31.44,33.2 1 2
github.com/smartcontractkit/chainlink/core/web/resolver/job_error.go:36.49,38.2 1 2
github.com/smartcontractkit/chainlink/core/web/resolver/job_error.go:41.48,43.2 1 2
github.com/smartcontractkit/chainlink/core/web/resolver/job_error.go:46.53,48.2 1 2
github.com/smartcontractkit/chainlink/core/web/resolver/job_error.go:51.53,53.2 1 0
github.com/smartcontractkit/chainlink/core/web/resolver/job_error.go:62.101,66.2 2 3
github.com/smartcontractkit/chainlink/core/web/resolver/job_error.go:68.109,69.18 1 3
github.com/smartcontractkit/chainlink/core/web/resolver/job_error.go:73.2,73.53 1 1
github.com/smartcontractkit/chainlink/core/web/resolver/job_error.go:69.18,71.3 1 2
github.com/smartcontractkit/chainlink/core/web/resolver/job_error.go:80.90,82.2 1 1
github.com/smartcontractkit/chainlink/core/web/resolver/job_error.go:84.71,86.2 1 1
github.com/smartcontractkit/chainlink/core/web/resolver/bridge.go:14.59,16.2 1 5
github.com/smartcontractkit/chainlink/core/web/resolver/bridge.go:18.65,20.28 2 1
github.com/smartcontractkit/chainlink/core/web/resolver/bridge.go:24.2,24.18 1 1
github.com/smartcontractkit/chainlink/core/web/resolver/bridge.go:20.28,22.3 1 1
github.com/smartcontractkit/chainlink/core/web/resolver/bridge.go:28.42,30.2 1 5
github.com/smartcontractkit/chainlink/core/web/resolver/bridge.go:33.40,35.2 1 5
github.com/smartcontractkit/chainlink/core/web/resolver/bridge.go:38.39,40.2 1 5
github.com/smartcontractkit/chainlink/core/web/resolver/bridge.go:43.48,45.2 1 5
github.com/smartcontractkit/chainlink/core/web/resolver/bridge.go:48.49,50.2 1 5
github.com/smartcontractkit/chainlink/core/web/resolver/bridge.go:53.58,55.2 1 5
github.com/smartcontractkit/chainlink/core/web/resolver/bridge.go:58.51,60.2 1 4
github.com/smartcontractkit/chainlink/core/web/resolver/bridge.go:68.84,72.2 2 2
github.com/smartcontractkit/chainlink/core/web/resolver/bridge.go:75.68,76.18 1 2
github.com/smartcontractkit/chainlink/core/web/resolver/bridge.go:80.2,80.19 1 1
github.com/smartcontractkit/chainlink/core/web/resolver/bridge.go:76.18,78.3 1 1
github.com/smartcontractkit/chainlink/core/web/resolver/bridge.go:89.91,94.2 1 1
github.com/smartcontractkit/chainlink/core/web/resolver/bridge.go:97.62,99.2 1 1
github.com/smartcontractkit/chainlink/core/web/resolver/bridge.go:102.73,104.2 1 1
github.com/smartcontractkit/chainlink/core/web/resolver/bridge.go:112.107,117.2 1 1
github.com/smartcontractkit/chainlink/core/web/resolver/bridge.go:119.100,121.2 1 1
github.com/smartcontractkit/chainlink/core/web/resolver/bridge.go:128.115,133.2 1 1
github.com/smartcontractkit/chainlink/core/web/resolver/bridge.go:136.64,138.2 1 1
github.com/smartcontractkit/chainlink/core/web/resolver/bridge.go:141.62,143.2 1 0
github.com/smartcontractkit/chainlink/core/web/resolver/bridge.go:150.97,154.2 2 2
github.com/smartcontractkit/chainlink/core/web/resolver/bridge.go:156.100,157.21 1 2
github.com/smartcontractkit/chainlink/core/web/resolver/bridge.go:161.2,161.19 1 1
github.com/smartcontractkit/chainlink/core/web/resolver/bridge.go:157.21,159.3 1 1
github.com/smartcontractkit/chainlink/core/web/resolver/bridge.go:169.85,173.2 1 1
github.com/smartcontractkit/chainlink/core/web/resolver/bridge.go:176.64,178.2 1 1
github.com/smartcontractkit/chainlink/core/web/resolver/bridge.go:187.97,191.2 2 4
github.com/smartcontractkit/chainlink/core/web/resolver/bridge.go:193.100,194.21 1 4
github.com/smartcontractkit/chainlink/core/web/resolver/bridge.go:198.2,198.19 1 3
github.com/smartcontractkit/chainlink/core/web/resolver/bridge.go:194.21,196.3 1 1
github.com/smartcontractkit/chainlink/core/web/resolver/bridge.go:201.112,202.18 1 4
github.com/smartcontractkit/chainlink/core/web/resolver/bridge.go:206.2,206.19 1 1
github.com/smartcontractkit/chainlink/core/web/resolver/bridge.go:202.18,204.3 1 3
github.com/smartcontractkit/chainlink/core/web/resolver/bridge.go:209.118,210.18 1 4
github.com/smartcontractkit/chainlink/core/web/resolver/bridge.go:214.2,214.19 1 1
github.com/smartcontractkit/chainlink/core/web/resolver/bridge.go:210.18,212.3 1 3
github.com/smartcontractkit/chainlink/core/web/resolver/bridge.go:221.86,223.2 1 1
github.com/smartcontractkit/chainlink/core/web/resolver/bridge.go:225.64,227.2 1 1
github.com/smartcontractkit/chainlink/core/web/resolver/bridge.go:233.86,235.2 1 3
github.com/smartcontractkit/chainlink/core/web/resolver/bridge.go:237.62,239.2 1 0
github.com/smartcontractkit/chainlink/core/web/resolver/bridge.go:241.62,243.2 1 0
github.com/smartcontractkit/chainlink/core/web/resolver/bridge.go:249.92,251.2 1 3
github.com/smartcontractkit/chainlink/core/web/resolver/bridge.go:253.65,255.2 1 2
github.com/smartcontractkit/chainlink/core/web/resolver/bridge.go:257.65,259.2 1 2
github.com/smartcontractkit/chainlink/core/web/resolver/config.go:19.75,21.2 1 77
github.com/smartcontractkit/chainlink/core/web/resolver/config.go:23.43,25.2 1 77
github.com/smartcontractkit/chainlink/core/web/resolver/config.go:27.54,29.2 1 77
github.com/smartcontractkit/chainlink/core/web/resolver/config.go:35.64,37.2 1 228
github.com/smartcontractkit/chainlink/core/web/resolver/config.go:39.69,40.27 1 0
github.com/smartcontractkit/chainlink/core/web/resolver/config.go:41.13,43.13 2 0
github.com/smartcontractkit/chainlink/core/web/resolver/config.go:44.14,46.13 2 0
github.com/smartcontractkit/chainlink/core/web/resolver/config.go:47.16,49.13 2 0
github.com/smartcontractkit/chainlink/core/web/resolver/config.go:50.10,51.34 1 0
github.com/smartcontractkit/chainlink/core/web/resolver/config.go:55.56,57.2 1 77
github.com/smartcontractkit/chainlink/core/web/resolver/config.go:63.55,65.2 1 1
github.com/smartcontractkit/chainlink/core/web/resolver/config.go:67.56,74.36 5 1
github.com/smartcontractkit/chainlink/core/web/resolver/config.go:103.2,103.13 1 1
github.com/smartcontractkit/chainlink/core/web/resolver/config.go:74.36,79.10 3 80
github.com/smartcontractkit/chainlink/core/web/resolver/config.go:82.3,83.10 2 80
github.com/smartcontractkit/chainlink/core/web/resolver/config.go:86.3,90.59 3 80
github.com/smartcontractkit/chainlink/core/web/resolver/config.go:98.3,98.17 1 80
github.com/smartcontractkit/chainlink/core/web/resolver/config.go:79.10,80.12 1 0
github.com/smartcontractkit/chainlink/core/web/resolver/config.go:83.10,84.12 1 0
github.com/smartcontractkit/chainlink/core/web/resolver/config.go:90.59,91.70 1 19
github.com/smartcontractkit/chainlink/core/web/resolver/config.go:91.70,93.5 1 16
github.com/smartcontractkit/chainlink/core/web/resolver/config.go:94.9,96.4 1 61
github.com/smartcontractkit/chainlink/core/web/resolver/config.go:98.17,100.4 1 77
github.com/smartcontractkit/chainlink/core/web/resolver/config.go:110.69,112.2 1 1
github.com/smartcontractkit/chainlink/core/web/resolver/config.go:114.63,116.2 1 1
github.com/smartcontractkit/chainlink/core/web/resolver/csa_keys.go:16.50,18.2 1 7
github.com/smartcontractkit/chainlink/core/web/resolver/csa_keys.go:21.42,23.2 1 7
github.com/smartcontractkit/chainlink/core/web/resolver/csa_keys.go:26.45,28.2 1 7
github.com/smartcontractkit/chainlink/core/web/resolver/csa_keys.go:31.42,33.2 1 7
github.com/smartcontractkit/chainlink/core/web/resolver/csa_keys.go:41.70,43.2 1 1
github.com/smartcontractkit/chainlink/core/web/resolver/csa_keys.go:45.62,47.2 1 1
github.com/smartcontractkit/chainlink/core/web/resolver/csa_keys.go:49.56,52.25 2 1
github.com/smartcontractkit/chainlink/core/web/resolver/csa_keys.go:56.2,56.18 1 1
github.com/smartcontractkit/chainlink/core/web/resolver/csa_keys.go:52.25,54.3 1 5
github.com/smartcontractkit/chainlink/core/web/resolver/csa_keys.go:66.88,68.2 1 2
github.com/smartcontractkit/chainlink/core/web/resolver/csa_keys.go:70.100,71.18 1 2
github.com/smartcontractkit/chainlink/core/web/resolver/csa_keys.go:75.2,75.19 1 1
github.com/smartcontractkit/chainlink/core/web/resolver/csa_keys.go:71.18,73.3 1 1
github.com/smartcontractkit/chainlink/core/web/resolver/csa_keys.go:78.96,79.64 1 2
github.com/smartcontractkit/chainlink/core/web/resolver/csa_keys.go:83.2,83.19 1 1
github.com/smartcontractkit/chainlink/core/web/resolver/csa_keys.go:79.64,81.3 1 1
github.com/smartcontractkit/chainlink/core/web/resolver/csa_keys.go:90.85,92.2 1 1
github.com/smartcontractkit/chainlink/core/web/resolver/csa_keys.go:94.64,96.2 1 1
github.com/smartcontractkit/chainlink/core/web/resolver/csa_keys.go:102.70,106.2 1 1
github.com/smartcontractkit/chainlink/core/web/resolver/csa_keys.go:108.54,110.2 1 1
github.com/smartcontractkit/chainlink/core/web/resolver/csa_keys.go:112.54,114.2 1 1
github.com/smartcontractkit/chainlink/core/web/resolver/csa_keys.go:120.76,122.2 1 1
github.com/smartcontractkit/chainlink/core/web/resolver/csa_keys.go:124.64,126.2 1 1
github.com/smartcontractkit/chainlink/core/web/resolver/csa_keys.go:133.87,136.16 2 2
github.com/smartcontractkit/chainlink/core/web/resolver/csa_keys.go:142.2,142.74 1 2
github.com/smartcontractkit/chainlink/core/web/resolver/csa_keys.go:136.16,137.102 1 1
github.com/smartcontractkit/chainlink/core/web/resolver/csa_keys.go:137.102,139.4 1 1
github.com/smartcontractkit/chainlink/core/web/resolver/csa_keys.go:145.100,146.18 1 2
github.com/smartcontractkit/chainlink/core/web/resolver/csa_keys.go:149.2,149.19 1 1
github.com/smartcontractkit/chainlink/core/web/resolver/csa_keys.go:146.18,148.3 1 1
github.com/smartcontractkit/chainlink/core/web/resolver/eth_transaction.go:18.79,20.2 1 3
github.com/smartcontractkit/chainlink/core/web/resolver/eth_transaction.go:22.89,25.29 2 1
github.com/smartcontractkit/chainlink/core/web/resolver/eth_transaction.go:29.2,29.17 1 1
github.com/smartcontractkit/chainlink/core/web/resolver/eth_transaction.go:25.29,27.3 1 1
github.com/smartcontractkit/chainlink/core/web/resolver/eth_transaction.go:32.49,34.2 1 3
github.com/smartcontractkit/chainlink/core/web/resolver/eth_transaction.go:36.55,38.2 1 3
github.com/smartcontractkit/chainlink/core/web/resolver/eth_transaction.go:40.48,42.2 1 3
github.com/smartcontractkit/chainlink/core/web/resolver/eth_transaction.go:44.46,46.2 1 3
github.com/smartcontractkit/chainlink/core/web/resolver/eth_transaction.go:48.52,50.2 1 3
github.com/smartcontractkit/chainlink/core/web/resolver/eth_transaction.go:52.71,54.38 2 3
github.com/smartcontractkit/chainlink/core/web/resolver/eth_transaction.go:58.2,58.31 1 3
github.com/smartcontractkit/chainlink/core/web/resolver/eth_transaction.go:54.38,56.3 1 0
github.com/smartcontractkit/chainlink/core/web/resolver/eth_transaction.go:61.49,63.2 1 3
github.com/smartcontractkit/chainlink/core/web/resolver/eth_transaction.go:65.58,67.2 1 5
github.com/smartcontractkit/chainlink/core/web/resolver/eth_transaction.go:69.50,70.23 1 3
github.com/smartcontractkit/chainlink/core/web/resolver/eth_transaction.go:74.2,76.15 2 1
github.com/smartcontractkit/chainlink/core/web/resolver/eth_transaction.go:70.23,72.3 1 2
github.com/smartcontractkit/chainlink/core/web/resolver/eth_transaction.go:79.67,81.38 2 3
github.com/smartcontractkit/chainlink/core/web/resolver/eth_transaction.go:85.2,85.27 1 3
github.com/smartcontractkit/chainlink/core/web/resolver/eth_transaction.go:81.38,83.3 1 0
github.com/smartcontractkit/chainlink/core/web/resolver/eth_transaction.go:88.66,90.38 2 3
github.com/smartcontractkit/chainlink/core/web/resolver/eth_transaction.go:94.2,94.26 1 3
github.com/smartcontractkit/chainlink/core/web/resolver/eth_transaction.go:90.38,92.3 1 0
github.com/smartcontractkit/chainlink/core/web/resolver/eth_transaction.go:98.85,100.16 2 2
github.com/smartcontractkit/chainlink/core/web/resolver/eth_transaction.go:104.2,104.30 1 2
github.com/smartcontractkit/chainlink/core/web/resolver/eth_transaction.go:100.16,102.3 1 0
github.com/smartcontractkit/chainlink/core/web/resolver/eth_transaction.go:107.106,110.16 3 14
github.com/smartcontractkit/chainlink/core/web/resolver/eth_transaction.go:114.2,114.50 1 14
github.com/smartcontractkit/chainlink/core/web/resolver/eth_transaction.go:110.16,112.3 1 0
github.com/smartcontractkit/chainlink/core/web/resolver/eth_transaction.go:117.70,119.38 2 3
github.com/smartcontractkit/chainlink/core/web/resolver/eth_transaction.go:123.2,123.29 1 3
github.com/smartcontractkit/chainlink/core/web/resolver/eth_transaction.go:119.38,121.3 1 0
github.com/smartcontractkit/chainlink/core/web/resolver/eth_transaction.go:133.105,137.2 2 3
github.com/smartcontractkit/chainlink/core/web/resolver/eth_transaction.go:139.92,140.18 1 3
github.com/smartcontractkit/chainlink/core/web/resolver/eth_transaction.go:144.2,144.39 1 2
github.com/smartcontractkit/chainlink/core/web/resolver/eth_transaction.go:140.18,142.3 1 1
github.com/smartcontractkit/chainlink/core/web/resolver/eth_transaction.go:154.115,156.2 1 1
github.com/smartcontractkit/chainlink/core/web/resolver/eth_transaction.go:158.78,160.2 1 1
github.com/smartcontractkit/chainlink/core/web/resolver/eth_transaction.go:162.81,164.2 1 1
github.com/smartcontractkit/chainlink/core/web/resolver/job.go:19.64,21.2 1 17
github.com/smartcontractkit/chainlink/core/web/resolver/job.go:23.72,25.25 2 1
github.com/smartcontractkit/chainlink/core/web/resolver/job.go:29.2,29.18 1 1
github.com/smartcontractkit/chainlink/core/web/resolver/job.go:25.25,27.3 1 1
github.com/smartcontractkit/chainlink/core/web/resolver/job.go:33.39,35.2 1 5
github.com/smartcontractkit/chainlink/core/web/resolver/job.go:38.48,40.2 1 4
github.com/smartcontractkit/chainlink/core/web/resolver/job.go:46.52,48.2 1 1
github.com/smartcontractkit/chainlink/core/web/resolver/job.go:51.46,53.2 1 4
github.com/smartcontractkit/chainlink/core/web/resolver/job.go:56.48,58.2 1 4
github.com/smartcontractkit/chainlink/core/web/resolver/job.go:61.37,63.2 1 5
github.com/smartcontractkit/chainlink/core/web/resolver/job.go:69.50,71.2 1 2
github.com/smartcontractkit/chainlink/core/web/resolver/job.go:74.45,76.2 1 4
github.com/smartcontractkit/chainlink/core/web/resolver/job.go:79.37,81.2 1 0
github.com/smartcontractkit/chainlink/core/web/resolver/job.go:84.44,86.2 1 13
github.com/smartcontractkit/chainlink/core/web/resolver/job.go:92.37,96.17 3 2
github.com/smartcontractkit/chainlink/core/web/resolver/job.go:100.2,101.16 2 2
github.com/smartcontractkit/chainlink/core/web/resolver/job.go:105.2,106.16 2 2
github.com/smartcontractkit/chainlink/core/web/resolver/job.go:110.2,111.16 2 2
github.com/smartcontractkit/chainlink/core/web/resolver/job.go:115.2,115.51 1 2
github.com/smartcontractkit/chainlink/core/web/resolver/job.go:96.17,98.3 1 0
github.com/smartcontractkit/chainlink/core/web/resolver/job.go:101.16,103.3 1 0
github.com/smartcontractkit/chainlink/core/web/resolver/job.go:106.16,108.3 1 0
github.com/smartcontractkit/chainlink/core/web/resolver/job.go:111.16,113.3 1 0
github.com/smartcontractkit/chainlink/core/web/resolver/job.go:125.98,131.2 1 1
github.com/smartcontractkit/chainlink/core/web/resolver/job.go:134.56,136.2 1 1
github.com/smartcontractkit/chainlink/core/web/resolver/job.go:139.70,141.2 1 1
github.com/smartcontractkit/chainlink/core/web/resolver/job.go:149.90,153.2 2 14
github.com/smartcontractkit/chainlink/core/web/resolver/job.go:156.59,157.18 1 14
github.com/smartcontractkit/chainlink/core/web/resolver/job.go:161.2,161.19 1 1
github.com/smartcontractkit/chainlink/core/web/resolver/job.go:157.18,159.3 1 13
github.com/smartcontractkit/chainlink/core/web/resolver/job.go:172.122,174.2 1 2
github.com/smartcontractkit/chainlink/core/web/resolver/job.go:176.91,177.24 1 2
github.com/smartcontractkit/chainlink/core/web/resolver/job.go:181.2,181.46 1 1
github.com/smartcontractkit/chainlink/core/web/resolver/job.go:177.24,179.3 1 1
github.com/smartcontractkit/chainlink/core/web/resolver/job.go:184.81,185.24 1 2
github.com/smartcontractkit/chainlink/core/web/resolver/job.go:189.2,191.41 2 1
github.com/smartcontractkit/chainlink/core/web/resolver/job.go:195.2,195.35 1 1
github.com/smartcontractkit/chainlink/core/web/resolver/job.go:185.24,187.3 1 1
github.com/smartcontractkit/chainlink/core/web/resolver/job.go:191.41,193.3 1 1
github.com/smartcontractkit/chainlink/core/web/resolver/job.go:203.93,205.2 1 1
github.com/smartcontractkit/chainlink/core/web/resolver/job.go:207.55,209.2 1 1
github.com/smartcontractkit/chainlink/core/web/resolver/job.go:219.102,223.2 2 3
github.com/smartcontractkit/chainlink/core/web/resolver/job.go:225.91,226.16 1 3
github.com/smartcontractkit/chainlink/core/web/resolver/job.go:230.2,230.46 1 1
github.com/smartcontractkit/chainlink/core/web/resolver/job.go:226.16,228.3 1 2
github.com/smartcontractkit/chainlink/core/web/resolver/job.go:238.93,240.2 1 1
github.com/smartcontractkit/chainlink/core/web/resolver/job.go:242.55,244.2 1 1
